2025-10-28 14:44:48 - INFO - P·gina https://www.fondosdecultura.cl/area/arquitectura/ sin convocatorias abiertas
2025-10-28 14:44:49 - INFO - P·gina https://www.fondosdecultura.cl/area/artes-visuales/ sin convocatorias abiertas
2025-10-28 14:44:50 - INFO - P·gina https://www.fondosdecultura.cl/area/artes-escenicas/ sin convocatorias abiertas
2025-10-28 14:44:52 - INFO - P·gina https://www.fondosdecultura.cl/area/artesania/ sin convocatorias abiertas
2025-10-28 14:44:52 - INFO - P·gina https://www.fondosdecultura.cl/area/audiovisual/ sin convocatorias abiertas
2025-10-28 14:44:53 - INFO - P·gina https://www.fondosdecultura.cl/area/circo/ sin convocatorias abiertas
2025-10-28 14:44:53 - INFO - P·gina https://www.fondosdecultura.cl/area/evaluadores/ sin convocatorias abiertas
2025-10-28 14:44:54 - INFO - P·gina https://www.fondosdecultura.cl/area/danza/ sin convocatorias abiertas
2025-10-28 14:44:55 - INFO - P·gina https://www.fondosdecultura.cl/area/diseno/ sin convocatorias abiertas
2025-10-28 14:44:56 - INFO - P·gina https://www.fondosdecultura.cl/area/economia-creativa/ sin convocatorias abiertas
2025-10-28 14:44:57 - INFO -  Convocatoria ABIERTA encontrada:
2025-10-28 14:44:57 - INFO -  Enlace: https://www.fondosdecultura.cl/area/educacion/fae-2026-establecimientos-educacionales/
2025-10-28 14:44:57 - INFO -  TÌtulo: Fondo de Fomento al Arte en la EducaciÛn - FAE 2026 - Programas de formaciÛn artÌstica especializada en establecimientos educacionales con RBD
2025-10-28 14:44:57 - INFO -  Fecha de cierre: 11/11/2025 - 17:00
2025-10-28 14:44:57 - INFO - ----------------------------------------
2025-10-28 14:44:58 - INFO - P·gina https://www.fondosdecultura.cl/area/folclor/ sin convocatorias abiertas
2025-10-28 14:44:59 - INFO - P·gina https://www.fondosdecultura.cl/area/formacion-residencias/ sin convocatorias abiertas
2025-10-28 14:44:59 - INFO - P·gina https://www.fondosdecultura.cl/area/fotografia/ sin convocatorias abiertas
2025-10-28 14:44:59 - INFO - P·gina https://www.fondosdecultura.cl/area/gestion-cultural/ sin convocatorias abiertas
2025-10-28 14:45:00 - INFO - P·gina https://www.fondosdecultura.cl/area/infraestructura/ sin convocatorias abiertas
2025-10-28 14:45:02 - INFO - P·gina https://www.fondosdecultura.cl/area/interdisciplinas/ sin convocatorias abiertas
2025-10-28 14:45:03 - INFO -  Convocatoria ABIERTA encontrada:
2025-10-28 14:45:03 - INFO -  Enlace: https://www.fondosdecultura.cl/area/libro-lectura/relato-curatorial-frankfurt-2027/
2025-10-28 14:45:03 - INFO -  TÌtulo: Convocatoria para el Relato Curatorial de Chile como PaÌs Invitado de Honor en la Feria del Libro de Frankfurt 2027
2025-10-28 14:45:03 - INFO -  Fecha de cierre: 25/11/2025 - 15:00
2025-10-28 14:45:03 - INFO - ----------------------------------------
2025-10-28 14:45:03 - INFO -  Convocatoria ABIERTA encontrada:
2025-10-28 14:45:03 - INFO -  Enlace: https://www.fondosdecultura.cl/area/libro-lectura/llamado-segunda-longlist-frankfurt-2027/
2025-10-28 14:45:03 - INFO -  TÌtulo: Llamado para conformar la segunda Longlist 2025 con enfoque en Literatura Infantil y Juvenil, IlustraciÛn y Narrativa Gr·fica con miras a la InvitaciÛn de Honor para la Feria del Libro de Frankfurt 2027
2025-10-28 14:45:03 - INFO -  Fecha de cierre: 10/11/2025 - 13:00
2025-10-28 14:45:03 - INFO - ----------------------------------------
2025-10-28 14:45:03 - INFO - P·gina https://www.fondosdecultura.cl/area/micsur/ sin convocatorias
2025-10-28 14:45:04 - INFO -  Convocatoria ABIERTA encontrada:
2025-10-28 14:45:04 - INFO -  Enlace: https://www.fondosdecultura.cl/area/musica/mercados-foco-2026-fimgdl/
2025-10-28 14:45:04 - INFO -  TÌtulo: Convocatoria LÌnea de Asistencia Mercados FOCO 2026 - FIM GDL
2025-10-28 14:45:04 - INFO -  Fecha de cierre: 12/11/2025 - 15:00
2025-10-28 14:45:04 - INFO - ----------------------------------------
2025-10-28 14:45:04 - INFO -  Convocatoria ABIERTA encontrada:
2025-10-28 14:45:04 - INFO -  Enlace: https://www.fondosdecultura.cl/area/musica/convocatoria-premio-a-la-musica-nacional-presidente-de-la-republica-2025/
2025-10-28 14:45:04 - INFO -  TÌtulo: Convocatoria Premio a la M˙sica Nacional Presidente de la Rep˙blica 2025
2025-10-28 14:45:04 - INFO -  Fecha de cierre: 29/10/2025 - 23:59
2025-10-28 14:45:04 - INFO - ----------------------------------------
2025-10-28 14:45:05 - INFO - P·gina https://www.fondosdecultura.cl/area/narracion-oral/ sin convocatorias abiertas
2025-10-28 14:45:05 - INFO - P·gina https://www.fondosdecultura.cl/area/nuevos-medios/ sin convocatorias abiertas
2025-10-28 14:45:06 - INFO - P·gina https://www.fondosdecultura.cl/area/opera/ sin convocatorias abiertas
2025-10-28 14:45:06 - INFO -  Convocatoria ABIERTA encontrada:
2025-10-28 14:45:06 - INFO -  Enlace: https://www.fondosdecultura.cl/area/organizaciones/convocatoria-programa-de-apoyo-a-organizaciones-culturales-colaboradoras-paocc-ingreso-y-continuidad-2026/
2025-10-28 14:45:06 - INFO -  TÌtulo: Convocatoria Programa de Apoyo a Organizaciones Culturales Colaboradoras (PAOCC) - Ingreso y Continuidad 2026
2025-10-28 14:45:06 - INFO -  Fecha de cierre: 21/11/2025 - 15:00
2025-10-28 14:45:06 - INFO - ----------------------------------------
2025-10-28 14:45:07 - INFO - P·gina https://www.fondosdecultura.cl/area/patrimonio/ sin convocatorias abiertas
2025-10-28 14:45:08 - INFO - P·gina https://www.fondosdecultura.cl/area/pueblos-originarios/ sin convocatorias abiertas
2025-10-28 14:45:09 - INFO - P·gina https://www.fondosdecultura.cl/area/regiones/ sin convocatorias abiertas
2025-10-28 14:45:10 - INFO - P·gina https://www.fondosdecultura.cl/area/teatro/ sin convocatorias abiertas
2025-10-28 14:45:11 - INFO - P·gina https://www.fondosdecultura.cl/area/titeres/ sin convocatorias abiertas
2025-10-28 14:45:12 - INFO - P·gina https://www.fondosdecultura.cl/area/turismo-cultural/ sin convocatorias abiertas
2025-10-28 14:45:12 - INFO - Datos guardados exitosamente en fondos_cultura.json
2025-10-30 09:22:55 - INFO - P·gina https://www.fondosdecultura.cl/area/arquitectura/ sin convocatorias abiertas
2025-10-30 09:22:55 - INFO - P·gina https://www.fondosdecultura.cl/area/artes-visuales/ sin convocatorias abiertas
2025-10-30 09:22:56 - INFO - P·gina https://www.fondosdecultura.cl/area/artes-escenicas/ sin convocatorias abiertas
2025-10-30 09:22:57 - INFO - P·gina https://www.fondosdecultura.cl/area/artesania/ sin convocatorias abiertas
2025-10-30 09:22:57 - INFO - P·gina https://www.fondosdecultura.cl/area/audiovisual/ sin convocatorias abiertas
2025-10-30 09:22:58 - INFO - P·gina https://www.fondosdecultura.cl/area/circo/ sin convocatorias abiertas
2025-10-30 09:22:59 - INFO - P·gina https://www.fondosdecultura.cl/area/evaluadores/ sin convocatorias abiertas
2025-10-30 09:23:00 - INFO - P·gina https://www.fondosdecultura.cl/area/danza/ sin convocatorias abiertas
2025-10-30 09:23:01 - INFO - P·gina https://www.fondosdecultura.cl/area/diseno/ sin convocatorias abiertas
2025-10-30 09:23:02 - INFO - P·gina https://www.fondosdecultura.cl/area/economia-creativa/ sin convocatorias abiertas
2025-10-30 09:23:03 - INFO -  Convocatoria ABIERTA encontrada:
2025-10-30 09:23:03 - INFO -  Enlace: https://www.fondosdecultura.cl/area/educacion/fae-2026-establecimientos-educacionales/
2025-10-30 09:23:03 - INFO -  TÌtulo: Fondo de Fomento al Arte en la EducaciÛn - FAE 2026 - Programas de formaciÛn artÌstica especializada en establecimientos educacionales con RBD
2025-10-30 09:23:03 - INFO -  Fecha de cierre: 11/11/2025 - 17:00
2025-10-30 09:23:03 - INFO - ----------------------------------------
2025-10-30 09:23:03 - INFO - P·gina https://www.fondosdecultura.cl/area/folclor/ sin convocatorias abiertas
2025-10-30 09:23:04 - INFO - P·gina https://www.fondosdecultura.cl/area/formacion-residencias/ sin convocatorias abiertas
2025-10-30 09:23:05 - INFO - P·gina https://www.fondosdecultura.cl/area/fotografia/ sin convocatorias abiertas
2025-10-30 09:23:05 - INFO - P·gina https://www.fondosdecultura.cl/area/gestion-cultural/ sin convocatorias abiertas
2025-10-30 09:23:06 - INFO - P·gina https://www.fondosdecultura.cl/area/infraestructura/ sin convocatorias abiertas
2025-10-30 09:23:07 - INFO - P·gina https://www.fondosdecultura.cl/area/interdisciplinas/ sin convocatorias abiertas
2025-10-30 09:23:07 - INFO -  Convocatoria ABIERTA encontrada:
2025-10-30 09:23:07 - INFO -  Enlace: https://www.fondosdecultura.cl/area/libro-lectura/relato-curatorial-frankfurt-2027/
2025-10-30 09:23:07 - INFO -  TÌtulo: Convocatoria para el Relato Curatorial de Chile como PaÌs Invitado de Honor en la Feria del Libro de Frankfurt 2027
2025-10-30 09:23:07 - INFO -  Fecha de cierre: 25/11/2025 - 15:00
2025-10-30 09:23:07 - INFO - ----------------------------------------
2025-10-30 09:23:07 - INFO -  Convocatoria ABIERTA encontrada:
2025-10-30 09:23:07 - INFO -  Enlace: https://www.fondosdecultura.cl/area/libro-lectura/llamado-segunda-longlist-frankfurt-2027/
2025-10-30 09:23:07 - INFO -  TÌtulo: Llamado para conformar la segunda Longlist 2025 con enfoque en Literatura Infantil y Juvenil, IlustraciÛn y Narrativa Gr·fica con miras a la InvitaciÛn de Honor para la Feria del Libro de Frankfurt 2027
2025-10-30 09:23:07 - INFO -  Fecha de cierre: 10/11/2025 - 13:00
2025-10-30 09:23:07 - INFO - ----------------------------------------
2025-10-30 09:23:08 - INFO - P·gina https://www.fondosdecultura.cl/area/micsur/ sin convocatorias
2025-10-30 09:23:09 - INFO -  Convocatoria ABIERTA encontrada:
2025-10-30 09:23:09 - INFO -  Enlace: https://www.fondosdecultura.cl/area/musica/mercados-foco-2026-fimgdl/
2025-10-30 09:23:09 - INFO -  TÌtulo: Convocatoria LÌnea de Asistencia Mercados FOCO 2026 - FIM GDL
2025-10-30 09:23:09 - INFO -  Fecha de cierre: 12/11/2025 - 15:00
2025-10-30 09:23:09 - INFO - ----------------------------------------
2025-10-30 09:23:11 - INFO - P·gina https://www.fondosdecultura.cl/area/narracion-oral/ sin convocatorias abiertas
2025-10-30 09:23:12 - INFO - P·gina https://www.fondosdecultura.cl/area/nuevos-medios/ sin convocatorias abiertas
2025-10-30 09:23:13 - INFO - P·gina https://www.fondosdecultura.cl/area/opera/ sin convocatorias abiertas
2025-10-30 09:23:14 - INFO -  Convocatoria ABIERTA encontrada:
2025-10-30 09:23:14 - INFO -  Enlace: https://www.fondosdecultura.cl/area/organizaciones/convocatoria-programa-de-apoyo-a-organizaciones-culturales-colaboradoras-paocc-ingreso-y-continuidad-2026/
2025-10-30 09:23:14 - INFO -  TÌtulo: Convocatoria Programa de Apoyo a Organizaciones Culturales Colaboradoras (PAOCC) - Ingreso y Continuidad 2026
2025-10-30 09:23:14 - INFO -  Fecha de cierre: 21/11/2025 - 15:00
2025-10-30 09:23:14 - INFO - ----------------------------------------
2025-10-30 09:23:15 - INFO - P·gina https://www.fondosdecultura.cl/area/patrimonio/ sin convocatorias abiertas
2025-10-30 09:23:16 - INFO - P·gina https://www.fondosdecultura.cl/area/pueblos-originarios/ sin convocatorias abiertas
2025-10-30 09:23:17 - INFO - P·gina https://www.fondosdecultura.cl/area/regiones/ sin convocatorias abiertas
2025-10-30 09:23:19 - INFO - P·gina https://www.fondosdecultura.cl/area/teatro/ sin convocatorias abiertas
2025-10-30 09:23:20 - INFO - P·gina https://www.fondosdecultura.cl/area/titeres/ sin convocatorias abiertas
2025-10-30 09:23:20 - INFO - P·gina https://www.fondosdecultura.cl/area/turismo-cultural/ sin convocatorias abiertas
2025-10-30 09:23:20 - INFO - Datos guardados exitosamente en fondos_cultura.json
2025-11-05 12:20:22 - INFO - P·gina https://www.fondosdecultura.cl/area/arquitectura/ sin convocatorias abiertas
2025-11-05 12:20:22 - INFO - P·gina https://www.fondosdecultura.cl/area/artes-visuales/ sin convocatorias abiertas
2025-11-05 12:20:23 - INFO - P·gina https://www.fondosdecultura.cl/area/artes-escenicas/ sin convocatorias abiertas
2025-11-05 12:20:23 - INFO - P·gina https://www.fondosdecultura.cl/area/artesania/ sin convocatorias abiertas
2025-11-05 12:20:23 - INFO - P·gina https://www.fondosdecultura.cl/area/audiovisual/ sin convocatorias abiertas
2025-11-05 12:20:24 - INFO - P·gina https://www.fondosdecultura.cl/area/circo/ sin convocatorias abiertas
2025-11-05 12:20:24 - INFO - P·gina https://www.fondosdecultura.cl/area/evaluadores/ sin convocatorias abiertas
2025-11-05 12:20:25 - INFO - P·gina https://www.fondosdecultura.cl/area/danza/ sin convocatorias abiertas
2025-11-05 12:20:25 - INFO - P·gina https://www.fondosdecultura.cl/area/diseno/ sin convocatorias abiertas
2025-11-05 12:20:26 - INFO - P·gina https://www.fondosdecultura.cl/area/economia-creativa/ sin convocatorias abiertas
2025-11-05 12:20:26 - INFO -  Convocatoria ABIERTA encontrada:
2025-11-05 12:20:26 - INFO -  Enlace: https://www.fondosdecultura.cl/area/educacion/fae-2026-establecimientos-educacionales/
2025-11-05 12:20:26 - INFO -  TÌtulo: Fondo de Fomento al Arte en la EducaciÛn - FAE 2026 - Programas de formaciÛn artÌstica especializada en establecimientos educacionales con RBD
2025-11-05 12:20:26 - INFO -  Fecha de cierre: 11/11/2025 - 17:00
2025-11-05 12:20:26 - INFO - ----------------------------------------
2025-11-05 12:20:27 - INFO - P·gina https://www.fondosdecultura.cl/area/folclor/ sin convocatorias abiertas
2025-11-05 12:20:27 - INFO - P·gina https://www.fondosdecultura.cl/area/formacion-residencias/ sin convocatorias abiertas
2025-11-05 12:20:28 - INFO - P·gina https://www.fondosdecultura.cl/area/fotografia/ sin convocatorias abiertas
2025-11-05 12:20:28 - INFO - P·gina https://www.fondosdecultura.cl/area/gestion-cultural/ sin convocatorias abiertas
2025-11-05 12:20:28 - INFO - P·gina https://www.fondosdecultura.cl/area/infraestructura/ sin convocatorias abiertas
2025-11-05 12:20:29 - INFO - P·gina https://www.fondosdecultura.cl/area/interdisciplinas/ sin convocatorias abiertas
2025-11-05 12:20:29 - INFO -  Convocatoria ABIERTA encontrada:
2025-11-05 12:20:29 - INFO -  Enlace: https://www.fondosdecultura.cl/area/libro-lectura/relato-curatorial-frankfurt-2027/
2025-11-05 12:20:29 - INFO -  TÌtulo: Convocatoria para el Relato Curatorial de Chile como PaÌs Invitado de Honor en la Feria del Libro de Frankfurt 2027
2025-11-05 12:20:29 - INFO -  Fecha de cierre: 25/11/2025 - 15:00
2025-11-05 12:20:29 - INFO - ----------------------------------------
2025-11-05 12:20:29 - INFO -  Convocatoria ABIERTA encontrada:
2025-11-05 12:20:29 - INFO -  Enlace: https://www.fondosdecultura.cl/area/libro-lectura/llamado-segunda-longlist-frankfurt-2027/
2025-11-05 12:20:29 - INFO -  TÌtulo: Llamado para conformar la segunda Longlist 2025 con enfoque en Literatura Infantil y Juvenil, IlustraciÛn y Narrativa Gr·fica con miras a la InvitaciÛn de Honor para la Feria del Libro de Frankfurt 2027
2025-11-05 12:20:29 - INFO -  Fecha de cierre: 10/11/2025 - 13:00
2025-11-05 12:20:29 - INFO - ----------------------------------------
2025-11-05 12:20:30 - INFO - P·gina https://www.fondosdecultura.cl/area/micsur/ sin convocatorias
2025-11-05 12:20:30 - INFO -  Convocatoria ABIERTA encontrada:
2025-11-05 12:20:30 - INFO -  Enlace: https://www.fondosdecultura.cl/area/musica/mercados-foco-2026-jazzahead-classical-next/
2025-11-05 12:20:30 - INFO -  TÌtulo: Convocatoria LÌnea de Asistencia Mercados FOCO 2026 - JAZZAHEAD y Classical Next
2025-11-05 12:20:30 - INFO -  Fecha de cierre: 01/12/2025 - 15:00
2025-11-05 12:20:30 - INFO - ----------------------------------------
2025-11-05 12:20:30 - INFO -  Convocatoria ABIERTA encontrada:
2025-11-05 12:20:30 - INFO -  Enlace: https://www.fondosdecultura.cl/area/musica/mercados-foco-2026-fimgdl/
2025-11-05 12:20:30 - INFO -  TÌtulo: Convocatoria LÌnea de Asistencia Mercados FOCO 2026 - FIM GDL
2025-11-05 12:20:30 - INFO -  Fecha de cierre: 12/11/2025 - 15:00
2025-11-05 12:20:30 - INFO - ----------------------------------------
2025-11-05 12:20:31 - INFO - P·gina https://www.fondosdecultura.cl/area/narracion-oral/ sin convocatorias abiertas
2025-11-05 12:20:31 - INFO - P·gina https://www.fondosdecultura.cl/area/nuevos-medios/ sin convocatorias abiertas
2025-11-05 12:20:32 - INFO - P·gina https://www.fondosdecultura.cl/area/opera/ sin convocatorias abiertas
2025-11-05 12:20:32 - INFO -  Convocatoria ABIERTA encontrada:
2025-11-05 12:20:32 - INFO -  Enlace: https://www.fondosdecultura.cl/area/organizaciones/convocatoria-programa-de-apoyo-a-organizaciones-culturales-colaboradoras-paocc-ingreso-y-continuidad-2026/
2025-11-05 12:20:32 - INFO -  TÌtulo: Convocatoria Programa de Apoyo a Organizaciones Culturales Colaboradoras (PAOCC) - Ingreso y Continuidad 2026
2025-11-05 12:20:32 - INFO -  Fecha de cierre: 21/11/2025 - 15:00
2025-11-05 12:20:32 - INFO - ----------------------------------------
2025-11-05 12:20:33 - INFO - P·gina https://www.fondosdecultura.cl/area/patrimonio/ sin convocatorias abiertas
2025-11-05 12:20:33 - INFO - P·gina https://www.fondosdecultura.cl/area/pueblos-originarios/ sin convocatorias abiertas
2025-11-05 12:20:33 - INFO - P·gina https://www.fondosdecultura.cl/area/regiones/ sin convocatorias abiertas
2025-11-05 12:20:34 - INFO - P·gina https://www.fondosdecultura.cl/area/teatro/ sin convocatorias abiertas
2025-11-05 12:20:34 - INFO - P·gina https://www.fondosdecultura.cl/area/titeres/ sin convocatorias abiertas
2025-11-05 12:20:35 - INFO - P·gina https://www.fondosdecultura.cl/area/turismo-cultural/ sin convocatorias abiertas
2025-11-05 12:20:35 - INFO - Datos guardados exitosamente en fondos_cultura.json
2025-11-10 13:54:13 - INFO - P·gina https://www.fondosdecultura.cl/area/arquitectura/ sin convocatorias abiertas
2025-11-10 13:54:13 - INFO - P·gina https://www.fondosdecultura.cl/area/artes-visuales/ sin convocatorias abiertas
2025-11-10 13:54:13 - INFO - P·gina https://www.fondosdecultura.cl/area/artes-escenicas/ sin convocatorias abiertas
2025-11-10 13:54:14 - INFO - P·gina https://www.fondosdecultura.cl/area/artesania/ sin convocatorias abiertas
2025-11-10 13:54:15 - INFO - P·gina https://www.fondosdecultura.cl/area/audiovisual/ sin convocatorias abiertas
2025-11-10 13:54:15 - INFO - P·gina https://www.fondosdecultura.cl/area/circo/ sin convocatorias abiertas
2025-11-10 13:54:17 - INFO - P·gina https://www.fondosdecultura.cl/area/evaluadores/ sin convocatorias abiertas
2025-11-10 13:54:17 - INFO - P·gina https://www.fondosdecultura.cl/area/danza/ sin convocatorias abiertas
2025-11-10 13:54:18 - INFO - P·gina https://www.fondosdecultura.cl/area/diseno/ sin convocatorias abiertas
2025-11-10 13:54:19 - INFO - P·gina https://www.fondosdecultura.cl/area/economia-creativa/ sin convocatorias abiertas
2025-11-10 13:54:19 - INFO -  Convocatoria ABIERTA encontrada:
2025-11-10 13:54:19 - INFO -  Enlace: https://www.fondosdecultura.cl/area/educacion/fae-2026-establecimientos-educacionales/
2025-11-10 13:54:19 - INFO -  TÌtulo: Fondo de Fomento al Arte en la EducaciÛn - FAE 2026 - Programas de formaciÛn artÌstica especializada en establecimientos educacionales con RBD
2025-11-10 13:54:19 - INFO -  Fecha de cierre: 11/11/2025 - 17:00
2025-11-10 13:54:19 - INFO - ----------------------------------------
2025-11-10 13:54:20 - INFO - P·gina https://www.fondosdecultura.cl/area/folclor/ sin convocatorias abiertas
2025-11-10 13:54:21 - INFO - P·gina https://www.fondosdecultura.cl/area/formacion-residencias/ sin convocatorias abiertas
2025-11-10 13:54:22 - INFO - P·gina https://www.fondosdecultura.cl/area/fotografia/ sin convocatorias abiertas
2025-11-10 13:54:22 - INFO - P·gina https://www.fondosdecultura.cl/area/gestion-cultural/ sin convocatorias abiertas
2025-11-10 13:54:22 - INFO - P·gina https://www.fondosdecultura.cl/area/infraestructura/ sin convocatorias abiertas
2025-11-10 13:54:23 - INFO - P·gina https://www.fondosdecultura.cl/area/interdisciplinas/ sin convocatorias abiertas
2025-11-10 13:54:23 - INFO -  Convocatoria ABIERTA encontrada:
2025-11-10 13:54:23 - INFO -  Enlace: https://www.fondosdecultura.cl/area/libro-lectura/relato-curatorial-frankfurt-2027/
2025-11-10 13:54:23 - INFO -  TÌtulo: Convocatoria para el Relato Curatorial de Chile como PaÌs Invitado de Honor en la Feria del Libro de Frankfurt 2027
2025-11-10 13:54:23 - INFO -  Fecha de cierre: 25/11/2025 - 15:00
2025-11-10 13:54:23 - INFO - ----------------------------------------
2025-11-10 13:54:24 - INFO - P·gina https://www.fondosdecultura.cl/area/micsur/ sin convocatorias
2025-11-10 13:54:24 - INFO -  Convocatoria ABIERTA encontrada:
2025-11-10 13:54:24 - INFO -  Enlace: https://www.fondosdecultura.cl/area/musica/mercados-foco-2026-jazzahead-classical-next/
2025-11-10 13:54:24 - INFO -  TÌtulo: Convocatoria LÌnea de Asistencia Mercados FOCO 2026 - JAZZAHEAD y Classical Next
2025-11-10 13:54:24 - INFO -  Fecha de cierre: 01/12/2025 - 15:00
2025-11-10 13:54:24 - INFO - ----------------------------------------
2025-11-10 13:54:24 - INFO -  Convocatoria ABIERTA encontrada:
2025-11-10 13:54:24 - INFO -  Enlace: https://www.fondosdecultura.cl/area/musica/mercados-foco-2026-fimgdl/
2025-11-10 13:54:24 - INFO -  TÌtulo: Convocatoria LÌnea de Asistencia Mercados FOCO 2026 - FIM GDL
2025-11-10 13:54:24 - INFO -  Fecha de cierre: 12/11/2025 - 15:00
2025-11-10 13:54:24 - INFO - ----------------------------------------
2025-11-10 13:54:25 - INFO - P·gina https://www.fondosdecultura.cl/area/narracion-oral/ sin convocatorias abiertas
2025-11-10 13:54:25 - INFO - P·gina https://www.fondosdecultura.cl/area/nuevos-medios/ sin convocatorias abiertas
2025-11-10 13:54:26 - INFO - P·gina https://www.fondosdecultura.cl/area/opera/ sin convocatorias abiertas
2025-11-10 13:54:27 - INFO -  Convocatoria ABIERTA encontrada:
2025-11-10 13:54:27 - INFO -  Enlace: https://www.fondosdecultura.cl/area/organizaciones/convocatoria-programa-de-apoyo-a-organizaciones-culturales-colaboradoras-paocc-ingreso-y-continuidad-2026/
2025-11-10 13:54:27 - INFO -  TÌtulo: Convocatoria Programa de Apoyo a Organizaciones Culturales Colaboradoras (PAOCC) - Ingreso y Continuidad 2026
2025-11-10 13:54:27 - INFO -  Fecha de cierre: 21/11/2025 - 15:00
2025-11-10 13:54:27 - INFO - ----------------------------------------
2025-11-10 13:54:27 - INFO - P·gina https://www.fondosdecultura.cl/area/patrimonio/ sin convocatorias abiertas
2025-11-10 13:54:27 - INFO - P·gina https://www.fondosdecultura.cl/area/pueblos-originarios/ sin convocatorias abiertas
2025-11-10 13:54:28 - INFO - P·gina https://www.fondosdecultura.cl/area/regiones/ sin convocatorias abiertas
2025-11-10 13:54:29 - INFO - P·gina https://www.fondosdecultura.cl/area/teatro/ sin convocatorias abiertas
2025-11-10 13:54:29 - INFO - P·gina https://www.fondosdecultura.cl/area/titeres/ sin convocatorias abiertas
2025-11-10 13:54:30 - INFO - P·gina https://www.fondosdecultura.cl/area/turismo-cultural/ sin convocatorias abiertas
2025-11-10 13:54:30 - INFO - Datos guardados exitosamente en fondos_cultura.json
2025-11-13 13:31:32 - INFO - P·gina https://www.fondosdecultura.cl/area/arquitectura/ sin convocatorias abiertas
2025-11-13 13:31:33 - INFO - P·gina https://www.fondosdecultura.cl/area/artes-visuales/ sin convocatorias abiertas
2025-11-13 13:31:33 - INFO - P·gina https://www.fondosdecultura.cl/area/artes-escenicas/ sin convocatorias abiertas
2025-11-13 13:31:34 - INFO - P·gina https://www.fondosdecultura.cl/area/artesania/ sin convocatorias abiertas
2025-11-13 13:31:35 - INFO - P·gina https://www.fondosdecultura.cl/area/audiovisual/ sin convocatorias abiertas
2025-11-13 13:31:36 - INFO - P·gina https://www.fondosdecultura.cl/area/circo/ sin convocatorias abiertas
2025-11-13 13:31:37 - INFO - P·gina https://www.fondosdecultura.cl/area/evaluadores/ sin convocatorias abiertas
2025-11-13 13:31:38 - INFO - P·gina https://www.fondosdecultura.cl/area/danza/ sin convocatorias abiertas
2025-11-13 13:31:38 - INFO - P·gina https://www.fondosdecultura.cl/area/diseno/ sin convocatorias abiertas
2025-11-13 13:31:39 - INFO - P·gina https://www.fondosdecultura.cl/area/economia-creativa/ sin convocatorias abiertas
2025-11-13 13:31:40 - INFO - P·gina https://www.fondosdecultura.cl/area/educacion/ sin convocatorias abiertas
2025-11-13 13:31:41 - INFO - P·gina https://www.fondosdecultura.cl/area/folclor/ sin convocatorias abiertas
2025-11-13 13:31:41 - INFO - P·gina https://www.fondosdecultura.cl/area/formacion-residencias/ sin convocatorias abiertas
2025-11-13 13:31:42 - INFO - P·gina https://www.fondosdecultura.cl/area/fotografia/ sin convocatorias abiertas
2025-11-13 13:31:43 - INFO - P·gina https://www.fondosdecultura.cl/area/gestion-cultural/ sin convocatorias abiertas
2025-11-13 13:31:44 - INFO - P·gina https://www.fondosdecultura.cl/area/infraestructura/ sin convocatorias abiertas
2025-11-13 13:31:44 - INFO - P·gina https://www.fondosdecultura.cl/area/interdisciplinas/ sin convocatorias abiertas
2025-11-13 13:31:45 - INFO -  Convocatoria ABIERTA encontrada:
2025-11-13 13:31:45 - INFO -  Enlace: https://www.fondosdecultura.cl/area/libro-lectura/relato-curatorial-frankfurt-2027/
2025-11-13 13:31:45 - INFO -  TÌtulo: Convocatoria para el Relato Curatorial de Chile como PaÌs Invitado de Honor en la Feria del Libro de Frankfurt 2027
2025-11-13 13:31:45 - INFO -  Fecha de cierre: 25/11/2025 - 15:00
2025-11-13 13:31:45 - INFO - ----------------------------------------
2025-11-13 13:31:46 - INFO - P·gina https://www.fondosdecultura.cl/area/micsur/ sin convocatorias
2025-11-13 13:31:47 - INFO -  Convocatoria ABIERTA encontrada:
2025-11-13 13:31:47 - INFO -  Enlace: https://www.fondosdecultura.cl/area/musica/mercados-foco-2026-jazzahead-classical-next/
2025-11-13 13:31:47 - INFO -  TÌtulo: Convocatoria LÌnea de Asistencia Mercados FOCO 2026 - JAZZAHEAD y Classical Next
2025-11-13 13:31:47 - INFO -  Fecha de cierre: 01/12/2025 - 15:00
2025-11-13 13:31:47 - INFO - ----------------------------------------
2025-11-13 13:31:48 - INFO - P·gina https://www.fondosdecultura.cl/area/narracion-oral/ sin convocatorias abiertas
2025-11-13 13:31:49 - INFO - P·gina https://www.fondosdecultura.cl/area/nuevos-medios/ sin convocatorias abiertas
2025-11-13 13:31:50 - INFO - P·gina https://www.fondosdecultura.cl/area/opera/ sin convocatorias abiertas
2025-11-13 13:31:50 - INFO -  Convocatoria ABIERTA encontrada:
2025-11-13 13:31:50 - INFO -  Enlace: https://www.fondosdecultura.cl/area/organizaciones/convocatoria-programa-de-apoyo-a-organizaciones-culturales-colaboradoras-paocc-ingreso-y-continuidad-2026/
2025-11-13 13:31:50 - INFO -  TÌtulo: Convocatoria Programa de Apoyo a Organizaciones Culturales Colaboradoras (PAOCC) - Ingreso y Continuidad 2026
2025-11-13 13:31:50 - INFO -  Fecha de cierre: 21/11/2025 - 15:00
2025-11-13 13:31:50 - INFO - ----------------------------------------
2025-11-13 13:31:51 - INFO - P·gina https://www.fondosdecultura.cl/area/patrimonio/ sin convocatorias abiertas
2025-11-13 13:31:52 - INFO - P·gina https://www.fondosdecultura.cl/area/pueblos-originarios/ sin convocatorias abiertas
2025-11-13 13:31:53 - INFO - P·gina https://www.fondosdecultura.cl/area/regiones/ sin convocatorias abiertas
2025-11-13 13:31:53 - INFO - P·gina https://www.fondosdecultura.cl/area/teatro/ sin convocatorias abiertas
2025-11-13 13:31:54 - INFO - P·gina https://www.fondosdecultura.cl/area/titeres/ sin convocatorias abiertas
2025-11-13 13:31:55 - INFO - P·gina https://www.fondosdecultura.cl/area/turismo-cultural/ sin convocatorias abiertas
2025-11-13 13:31:55 - INFO - Datos guardados exitosamente en fondos_cultura.json
2025-11-17 14:41:32 - INFO - P·gina https://www.fondosdecultura.cl/area/arquitectura/ sin convocatorias abiertas
2025-11-17 14:41:32 - INFO - P·gina https://www.fondosdecultura.cl/area/artes-visuales/ sin convocatorias abiertas
2025-11-17 14:41:33 - INFO - P·gina https://www.fondosdecultura.cl/area/artes-escenicas/ sin convocatorias abiertas
2025-11-17 14:41:33 - INFO - P·gina https://www.fondosdecultura.cl/area/artesania/ sin convocatorias abiertas
2025-11-17 14:41:34 - INFO - P·gina https://www.fondosdecultura.cl/area/audiovisual/ sin convocatorias abiertas
2025-11-17 14:41:34 - INFO - P·gina https://www.fondosdecultura.cl/area/circo/ sin convocatorias abiertas
2025-11-17 14:41:34 - INFO - P·gina https://www.fondosdecultura.cl/area/evaluadores/ sin convocatorias abiertas
2025-11-17 14:41:35 - INFO - P·gina https://www.fondosdecultura.cl/area/danza/ sin convocatorias abiertas
2025-11-17 14:41:36 - INFO - P·gina https://www.fondosdecultura.cl/area/diseno/ sin convocatorias abiertas
2025-11-17 14:41:37 - INFO - P·gina https://www.fondosdecultura.cl/area/economia-creativa/ sin convocatorias abiertas
2025-11-17 14:41:37 - INFO - P·gina https://www.fondosdecultura.cl/area/educacion/ sin convocatorias abiertas
2025-11-17 14:41:38 - INFO - P·gina https://www.fondosdecultura.cl/area/folclor/ sin convocatorias abiertas
2025-11-17 14:41:38 - INFO - P·gina https://www.fondosdecultura.cl/area/formacion-residencias/ sin convocatorias abiertas
2025-11-17 14:41:39 - INFO - P·gina https://www.fondosdecultura.cl/area/fotografia/ sin convocatorias abiertas
2025-11-17 14:41:40 - INFO - P·gina https://www.fondosdecultura.cl/area/gestion-cultural/ sin convocatorias abiertas
2025-11-17 14:41:40 - INFO - P·gina https://www.fondosdecultura.cl/area/infraestructura/ sin convocatorias abiertas
2025-11-17 14:41:41 - INFO - P·gina https://www.fondosdecultura.cl/area/interdisciplinas/ sin convocatorias abiertas
2025-11-17 14:41:42 - INFO -  Convocatoria ABIERTA encontrada:
2025-11-17 14:41:42 - INFO -  Enlace: https://www.fondosdecultura.cl/area/libro-lectura/difusion-obras-autores-industria-primer-semestre-2026/
2025-11-17 14:41:42 - INFO -  TÌtulo: LÌnea de Apoyo a la difusiÛn de obras, autores e industria editorial - 1er. Semestre 2026
2025-11-17 14:41:42 - INFO -  Fecha de cierre: 15/12/2025 - 17:00
2025-11-17 14:41:42 - INFO - ----------------------------------------
2025-11-17 14:41:42 - INFO -  Convocatoria ABIERTA encontrada:
2025-11-17 14:41:42 - INFO -  Enlace: https://www.fondosdecultura.cl/area/libro-lectura/relato-curatorial-frankfurt-2027/
2025-11-17 14:41:42 - INFO -  TÌtulo: Convocatoria para el Relato Curatorial de Chile como PaÌs Invitado de Honor en la Feria del Libro de Frankfurt 2027
2025-11-17 14:41:42 - INFO -  Fecha de cierre: 25/11/2025 - 15:00
2025-11-17 14:41:42 - INFO - ----------------------------------------
2025-11-17 14:41:43 - INFO - P·gina https://www.fondosdecultura.cl/area/micsur/ sin convocatorias
2025-11-17 14:41:44 - INFO -  Convocatoria ABIERTA encontrada:
2025-11-17 14:41:44 - INFO -  Enlace: https://www.fondosdecultura.cl/area/musica/mercados-foco-2026-jazzahead-classical-next/
2025-11-17 14:41:44 - INFO -  TÌtulo: Convocatoria LÌnea de Asistencia Mercados FOCO 2026 - JAZZAHEAD y Classical Next
2025-11-17 14:41:44 - INFO -  Fecha de cierre: 01/12/2025 - 15:00
2025-11-17 14:41:44 - INFO - ----------------------------------------
2025-11-17 14:41:45 - INFO - P·gina https://www.fondosdecultura.cl/area/narracion-oral/ sin convocatorias abiertas
2025-11-17 14:41:46 - INFO - P·gina https://www.fondosdecultura.cl/area/nuevos-medios/ sin convocatorias abiertas
2025-11-17 14:41:47 - INFO - P·gina https://www.fondosdecultura.cl/area/opera/ sin convocatorias abiertas
2025-11-17 14:41:47 - INFO -  Convocatoria ABIERTA encontrada:
2025-11-17 14:41:47 - INFO -  Enlace: https://www.fondosdecultura.cl/area/organizaciones/convocatoria-programa-de-apoyo-a-organizaciones-culturales-colaboradoras-paocc-ingreso-y-continuidad-2026/
2025-11-17 14:41:47 - INFO -  TÌtulo: Convocatoria Programa de Apoyo a Organizaciones Culturales Colaboradoras (PAOCC) - Ingreso y Continuidad 2026
2025-11-17 14:41:47 - INFO -  Fecha de cierre: 21/11/2025 - 15:00
2025-11-17 14:41:47 - INFO - ----------------------------------------
2025-11-17 14:41:48 - INFO - P·gina https://www.fondosdecultura.cl/area/patrimonio/ sin convocatorias abiertas
2025-11-17 14:41:48 - INFO - P·gina https://www.fondosdecultura.cl/area/pueblos-originarios/ sin convocatorias abiertas
2025-11-17 14:41:48 - INFO - P·gina https://www.fondosdecultura.cl/area/regiones/ sin convocatorias abiertas
2025-11-17 14:41:49 - INFO - P·gina https://www.fondosdecultura.cl/area/teatro/ sin convocatorias abiertas
2025-11-17 14:41:50 - INFO - P·gina https://www.fondosdecultura.cl/area/titeres/ sin convocatorias abiertas
2025-11-17 14:41:50 - INFO - P·gina https://www.fondosdecultura.cl/area/turismo-cultural/ sin convocatorias abiertas
2025-11-17 14:41:50 - INFO - Datos guardados exitosamente en fondos_cultura.json
2025-11-27 11:48:10 - INFO -  Convocatoria ABIERTA encontrada:
2025-11-27 11:48:10 - INFO -  Enlace: https://www.fondosdecultura.cl/area/arquitectura/circulacion-fondart-nacional-2026-primer-periodo/
2025-11-27 11:48:10 - INFO -  TÌtulo: LÌnea de CirculaciÛn Nacional e Internacional Fondart Nacional 2026 - 1er periodo
2025-11-27 11:48:10 - INFO -  Fecha de cierre: 22/12/2025 - 15:00
2025-11-27 11:48:10 - INFO - ----------------------------------------
2025-11-27 11:48:10 - INFO -  Convocatoria ABIERTA encontrada:
2025-11-27 11:48:10 - INFO -  Enlace: https://www.fondosdecultura.cl/area/artes-visuales/circulacion-fondart-nacional-2026-primer-periodo/
2025-11-27 11:48:10 - INFO -  TÌtulo: LÌnea de CirculaciÛn Nacional e Internacional Fondart Nacional 2026 - 1er periodo
2025-11-27 11:48:10 - INFO -  Fecha de cierre: 22/12/2025 - 15:00
2025-11-27 11:48:10 - INFO - ----------------------------------------
2025-11-27 11:48:11 - INFO - P·gina https://www.fondosdecultura.cl/area/artes-escenicas/ sin convocatorias abiertas
2025-11-27 11:48:11 - INFO -  Convocatoria ABIERTA encontrada:
2025-11-27 11:48:11 - INFO -  Enlace: https://www.fondosdecultura.cl/area/artesania/circulacion-fondart-nacional-2026-primer-periodo/
2025-11-27 11:48:11 - INFO -  TÌtulo: LÌnea de CirculaciÛn Nacional e Internacional Fondart Nacional 2026 - 1er periodo
2025-11-27 11:48:11 - INFO -  Fecha de cierre: 22/12/2025 - 15:00
2025-11-27 11:48:11 - INFO - ----------------------------------------
2025-11-27 11:48:12 - INFO - P·gina https://www.fondosdecultura.cl/area/audiovisual/ sin convocatorias abiertas
2025-11-27 11:48:13 - INFO - P·gina https://www.fondosdecultura.cl/area/circo/ sin convocatorias abiertas
2025-11-27 11:48:13 - INFO - P·gina https://www.fondosdecultura.cl/area/evaluadores/ sin convocatorias abiertas
2025-11-27 11:48:14 - INFO - P·gina https://www.fondosdecultura.cl/area/danza/ sin convocatorias abiertas
2025-11-27 11:48:14 - INFO -  Convocatoria ABIERTA encontrada:
2025-11-27 11:48:14 - INFO -  Enlace: https://www.fondosdecultura.cl/area/diseno/circulacion-fondart-nacional-2026-primer-periodo/
2025-11-27 11:48:14 - INFO -  TÌtulo: LÌnea de CirculaciÛn Nacional e Internacional Fondart Nacional 2026 - 1er periodo
2025-11-27 11:48:14 - INFO -  Fecha de cierre: 22/12/2025 - 15:00
2025-11-27 11:48:14 - INFO - ----------------------------------------
2025-11-27 11:48:15 - INFO - P·gina https://www.fondosdecultura.cl/area/economia-creativa/ sin convocatorias abiertas
2025-11-27 11:48:15 - INFO - P·gina https://www.fondosdecultura.cl/area/educacion/ sin convocatorias abiertas
2025-11-27 11:48:16 - INFO -  Convocatoria ABIERTA encontrada:
2025-11-27 11:48:16 - INFO -  Enlace: https://www.fondosdecultura.cl/area/folclor/circulacion-fondart-nacional-2026-primer-periodo/
2025-11-27 11:48:16 - INFO -  TÌtulo: LÌnea de CirculaciÛn Nacional e Internacional Fondart Nacional 2026 - 1er periodo
2025-11-27 11:48:16 - INFO -  Fecha de cierre: 22/12/2025 - 15:00
2025-11-27 11:48:16 - INFO - ----------------------------------------
2025-11-27 11:48:16 - INFO - P·gina https://www.fondosdecultura.cl/area/formacion-residencias/ sin convocatorias abiertas
2025-11-27 11:48:17 - INFO - P·gina https://www.fondosdecultura.cl/area/fotografia/ sin convocatorias
2025-11-27 11:48:17 - INFO - P·gina https://www.fondosdecultura.cl/area/gestion-cultural/ sin convocatorias abiertas
2025-11-27 11:48:17 - INFO - P·gina https://www.fondosdecultura.cl/area/infraestructura/ sin convocatorias abiertas
2025-11-27 11:48:18 - INFO -  Convocatoria ABIERTA encontrada:
2025-11-27 11:48:18 - INFO -  Enlace: https://www.fondosdecultura.cl/area/interdisciplinas/circulacion-fondart-nacional-2026-primer-periodo/
2025-11-27 11:48:18 - INFO -  TÌtulo: LÌnea de CirculaciÛn Nacional e Internacional Fondart Nacional 2026 - 1er periodo
2025-11-27 11:48:18 - INFO -  Fecha de cierre: 22/12/2025 - 15:00
2025-11-27 11:48:18 - INFO - ----------------------------------------
2025-11-27 11:48:19 - INFO -  Convocatoria ABIERTA encontrada:
2025-11-27 11:48:19 - INFO -  Enlace: https://www.fondosdecultura.cl/area/libro-lectura/difusion-obras-autores-industria-primer-semestre-2026/
2025-11-27 11:48:19 - INFO -  TÌtulo: LÌnea de Apoyo a la difusiÛn de obras, autores e industria editorial - 1er. Semestre 2026
2025-11-27 11:48:19 - INFO -  Fecha de cierre: 15/12/2025 - 17:00
2025-11-27 11:48:19 - INFO - ----------------------------------------
2025-11-27 11:48:19 - INFO - P·gina https://www.fondosdecultura.cl/area/micsur/ sin convocatorias
2025-11-27 11:48:20 - INFO -  Convocatoria ABIERTA encontrada:
2025-11-27 11:48:20 - INFO -  Enlace: https://www.fondosdecultura.cl/area/musica/iberorquestas-juveniles-2025-galardon-joven-interprete-y-galardon-a-mejor-agrupacion/
2025-11-27 11:48:20 - INFO -  TÌtulo: Convocatoria Iberorquestas Juveniles 2025: GalardÛn Joven IntÈrprete y GalardÛn a Mejor AgrupaciÛn
2025-11-27 11:48:20 - INFO -  Fecha de cierre: 23/01/2026 - 15:00
2025-11-27 11:48:20 - INFO - ----------------------------------------
2025-11-27 11:48:20 - INFO -  Convocatoria ABIERTA encontrada:
2025-11-27 11:48:20 - INFO -  Enlace: https://www.fondosdecultura.cl/area/musica/mercados-foco-2026-jazzahead-classical-next/
2025-11-27 11:48:20 - INFO -  TÌtulo: Convocatoria LÌnea de Asistencia Mercados FOCO 2026 - JAZZAHEAD y Classical Next
2025-11-27 11:48:20 - INFO -  Fecha de cierre: 01/12/2025 - 15:00
2025-11-27 11:48:20 - INFO - ----------------------------------------
2025-11-27 11:48:20 - INFO - P·gina https://www.fondosdecultura.cl/area/narracion-oral/ sin convocatorias abiertas
2025-11-27 11:48:21 - INFO - P·gina https://www.fondosdecultura.cl/area/nuevos-medios/ sin convocatorias
2025-11-27 11:48:21 - INFO - P·gina https://www.fondosdecultura.cl/area/opera/ sin convocatorias abiertas
2025-11-27 11:48:21 - INFO - P·gina https://www.fondosdecultura.cl/area/organizaciones/ sin convocatorias abiertas
2025-11-27 11:48:22 - INFO - P·gina https://www.fondosdecultura.cl/area/patrimonio/ sin convocatorias abiertas
2025-11-27 11:48:22 - INFO - P·gina https://www.fondosdecultura.cl/area/pueblos-originarios/ sin convocatorias abiertas
2025-11-27 11:48:23 - INFO - P·gina https://www.fondosdecultura.cl/area/regiones/ sin convocatorias abiertas
2025-11-27 11:48:23 - INFO - P·gina https://www.fondosdecultura.cl/area/teatro/ sin convocatorias abiertas
2025-11-27 11:48:24 - INFO - P·gina https://www.fondosdecultura.cl/area/titeres/ sin convocatorias abiertas
2025-11-27 11:48:24 - INFO - P·gina https://www.fondosdecultura.cl/area/turismo-cultural/ sin convocatorias abiertas
2025-11-27 11:48:24 - INFO - Datos guardados exitosamente en fondos_cultura.json
2025-12-19 11:11:44 - INFO -  Convocatoria ABIERTA encontrada:
2025-12-19 11:11:44 - INFO -  Enlace: https://www.fondosdecultura.cl/area/arquitectura/circulacion-fondart-nacional-2026-primer-periodo/
2025-12-19 11:11:44 - INFO -  TÌtulo: LÌnea de CirculaciÛn Nacional e Internacional Fondart Nacional 2026 - 1er periodo
2025-12-19 11:11:44 - INFO -  Fecha de cierre: 22/12/2025 - 15:00
2025-12-19 11:11:44 - INFO - ----------------------------------------
2025-12-19 11:11:44 - INFO -  Convocatoria ABIERTA encontrada:
2025-12-19 11:11:44 - INFO -  Enlace: https://www.fondosdecultura.cl/area/artes-visuales/circulacion-fondart-nacional-2026-primer-periodo/
2025-12-19 11:11:44 - INFO -  TÌtulo: LÌnea de CirculaciÛn Nacional e Internacional Fondart Nacional 2026 - 1er periodo
2025-12-19 11:11:44 - INFO -  Fecha de cierre: 22/12/2025 - 15:00
2025-12-19 11:11:44 - INFO - ----------------------------------------
2025-12-19 11:11:45 - INFO - P·gina https://www.fondosdecultura.cl/area/artes-escenicas/ sin convocatorias abiertas
2025-12-19 11:11:45 - INFO -  Convocatoria ABIERTA encontrada:
2025-12-19 11:11:45 - INFO -  Enlace: https://www.fondosdecultura.cl/area/artesania/circulacion-fondart-nacional-2026-primer-periodo/
2025-12-19 11:11:45 - INFO -  TÌtulo: LÌnea de CirculaciÛn Nacional e Internacional Fondart Nacional 2026 - 1er periodo
2025-12-19 11:11:45 - INFO -  Fecha de cierre: 22/12/2025 - 15:00
2025-12-19 11:11:45 - INFO - ----------------------------------------
2025-12-19 11:11:46 - INFO -  Convocatoria ABIERTA encontrada:
2025-12-19 11:11:46 - INFO -  Enlace: https://www.fondosdecultura.cl/area/audiovisual/fondo-inversion-audiovisual-2026/
2025-12-19 11:11:46 - INFO -  TÌtulo: Convocatoria al Fondo de InversiÛn Audiovisual (FIA) 2026
2025-12-19 11:11:46 - INFO -  Fecha de cierre: 05/01/2026 - 17:00
2025-12-19 11:11:46 - INFO - ----------------------------------------
2025-12-19 11:11:46 - INFO -  Convocatoria ABIERTA encontrada:
2025-12-19 11:11:46 - INFO -  Enlace: https://www.fondosdecultura.cl/area/audiovisual/mercados-internacionales-2026-european-film-market/
2025-12-19 11:11:46 - INFO -  TÌtulo: Programa de Apoyo para la ParticipaciÛn en Mercados Internacionales 2026 ñ European Film Market
2025-12-19 11:11:46 - INFO -  Fecha de cierre: 23/12/2025 - 17:00
2025-12-19 11:11:46 - INFO - ----------------------------------------
2025-12-19 11:11:46 - INFO -  Convocatoria ABIERTA encontrada:
2025-12-19 11:11:46 - INFO -  Enlace: https://www.fondosdecultura.cl/area/audiovisual/participacion-instancias-internacionales-2026-primer-llamado/
2025-12-19 11:11:46 - INFO -  TÌtulo: Programa de Apoyo para la ParticipaciÛn en Instancias Competitivas y Formativas Internacionales 2026 - Primer llamado
2025-12-19 11:11:46 - INFO -  Fecha de cierre: 23/12/2025 - 17:00
2025-12-19 11:11:46 - INFO - ----------------------------------------
2025-12-19 11:11:47 - INFO - P·gina https://www.fondosdecultura.cl/area/circo/ sin convocatorias abiertas
2025-12-19 11:11:47 - INFO - P·gina https://www.fondosdecultura.cl/area/evaluadores/ sin convocatorias
2025-12-19 11:11:48 - INFO - P·gina https://www.fondosdecultura.cl/area/danza/ sin convocatorias abiertas
2025-12-19 11:11:49 - INFO -  Convocatoria ABIERTA encontrada:
2025-12-19 11:11:49 - INFO -  Enlace: https://www.fondosdecultura.cl/area/diseno/circulacion-fondart-nacional-2026-primer-periodo/
2025-12-19 11:11:49 - INFO -  TÌtulo: LÌnea de CirculaciÛn Nacional e Internacional Fondart Nacional 2026 - 1er periodo
2025-12-19 11:11:49 - INFO -  Fecha de cierre: 22/12/2025 - 15:00
2025-12-19 11:11:49 - INFO - ----------------------------------------
2025-12-19 11:11:50 - INFO - P·gina https://www.fondosdecultura.cl/area/economia-creativa/ sin convocatorias abiertas
2025-12-19 11:11:50 - INFO - P·gina https://www.fondosdecultura.cl/area/educacion/ sin convocatorias abiertas
2025-12-19 11:11:51 - INFO -  Convocatoria ABIERTA encontrada:
2025-12-19 11:11:51 - INFO -  Enlace: https://www.fondosdecultura.cl/area/folclor/circulacion-fondart-nacional-2026-primer-periodo/
2025-12-19 11:11:51 - INFO -  TÌtulo: LÌnea de CirculaciÛn Nacional e Internacional Fondart Nacional 2026 - 1er periodo
2025-12-19 11:11:51 - INFO -  Fecha de cierre: 22/12/2025 - 15:00
2025-12-19 11:11:51 - INFO - ----------------------------------------
2025-12-19 11:11:52 - INFO - P·gina https://www.fondosdecultura.cl/area/formacion-residencias/ sin convocatorias abiertas
2025-12-19 11:11:53 - INFO - P·gina https://www.fondosdecultura.cl/area/fotografia/ sin convocatorias
2025-12-19 11:11:53 - INFO - P·gina https://www.fondosdecultura.cl/area/gestion-cultural/ sin convocatorias abiertas
2025-12-19 11:11:55 - INFO - P·gina https://www.fondosdecultura.cl/area/infraestructura/ sin convocatorias abiertas
2025-12-19 11:11:56 - INFO -  Convocatoria ABIERTA encontrada:
2025-12-19 11:11:56 - INFO -  Enlace: https://www.fondosdecultura.cl/area/interdisciplinas/circulacion-fondart-nacional-2026-primer-periodo/
2025-12-19 11:11:56 - INFO -  TÌtulo: LÌnea de CirculaciÛn Nacional e Internacional Fondart Nacional 2026 - 1er periodo
2025-12-19 11:11:56 - INFO -  Fecha de cierre: 22/12/2025 - 15:00
2025-12-19 11:11:56 - INFO - ----------------------------------------
2025-12-19 11:11:57 - INFO - P·gina https://www.fondosdecultura.cl/area/libro-lectura/ sin convocatorias abiertas
2025-12-19 11:11:58 - INFO - P·gina https://www.fondosdecultura.cl/area/micsur/ sin convocatorias
2025-12-19 11:11:59 - INFO -  Convocatoria ABIERTA encontrada:
2025-12-19 11:11:59 - INFO -  Enlace: https://www.fondosdecultura.cl/area/musica/iberorquestas-juveniles-2025-galardon-joven-interprete-y-galardon-a-mejor-agrupacion/
2025-12-19 11:11:59 - INFO -  TÌtulo: Convocatoria Iberorquestas Juveniles 2025: GalardÛn Joven IntÈrprete y GalardÛn a Mejor AgrupaciÛn
2025-12-19 11:11:59 - INFO -  Fecha de cierre: 23/01/2026 - 15:00
2025-12-19 11:11:59 - INFO - ----------------------------------------
2025-12-19 11:11:59 - INFO -  Convocatoria ABIERTA encontrada:
2025-12-19 11:11:59 - INFO -  Enlace: https://www.fondosdecultura.cl/area/musica/circulacion-musica-2025-2026-segundo-llamado/
2025-12-19 11:11:59 - INFO -  TÌtulo: LÌnea de Apoyo a la CirculaciÛn de la M˙sica Chilena 2025-2026 - Segundo llamado
2025-12-19 11:11:59 - INFO -  Fecha de cierre: 06/01/2026 - 15:00
2025-12-19 11:11:59 - INFO - ----------------------------------------
2025-12-19 11:12:00 - INFO - P·gina https://www.fondosdecultura.cl/area/narracion-oral/ sin convocatorias abiertas
2025-12-19 11:12:00 - INFO - P·gina https://www.fondosdecultura.cl/area/nuevos-medios/ sin convocatorias
2025-12-19 11:12:01 - INFO - P·gina https://www.fondosdecultura.cl/area/opera/ sin convocatorias abiertas
2025-12-19 11:12:01 - INFO - P·gina https://www.fondosdecultura.cl/area/organizaciones/ sin convocatorias abiertas
2025-12-19 11:12:02 - INFO - P·gina https://www.fondosdecultura.cl/area/patrimonio/ sin convocatorias abiertas
2025-12-19 11:12:02 - INFO - P·gina https://www.fondosdecultura.cl/area/pueblos-originarios/ sin convocatorias abiertas
2025-12-19 11:12:03 - INFO - P·gina https://www.fondosdecultura.cl/area/regiones/ sin convocatorias abiertas
2025-12-19 11:12:03 - INFO - P·gina https://www.fondosdecultura.cl/area/teatro/ sin convocatorias abiertas
2025-12-19 11:12:04 - INFO - P·gina https://www.fondosdecultura.cl/area/titeres/ sin convocatorias abiertas
2025-12-19 11:12:05 - INFO - P·gina https://www.fondosdecultura.cl/area/turismo-cultural/ sin convocatorias abiertas
2025-12-19 11:12:05 - INFO - Datos guardados exitosamente en fondos_cultura.json
2026-01-13 12:35:16 - INFO - P·gina https://www.fondosdecultura.cl/area/arquitectura/ sin convocatorias abiertas
2026-01-13 12:35:17 - INFO - P·gina https://www.fondosdecultura.cl/area/artes-visuales/ sin convocatorias abiertas
2026-01-13 12:35:17 - INFO -  Convocatoria ABIERTA encontrada:
2026-01-13 12:35:17 - INFO -  Enlace: https://www.fondosdecultura.cl/area/artes-escenicas/convocatoria-programa-artes-escenicas-itinerantes-regionales-2026/
2026-01-13 12:35:17 - INFO -  TÌtulo: Convocatoria Programa Artes EscÈnicas Itinerantes Regionales 2026
2026-01-13 12:35:17 - INFO -  Fecha de cierre: 27/02/2026 - 15:00
2026-01-13 12:35:17 - INFO - ----------------------------------------
2026-01-13 12:35:17 - INFO -  Convocatoria ABIERTA encontrada:
2026-01-13 12:35:17 - INFO -  Enlace: https://www.fondosdecultura.cl/area/artes-escenicas/circulacion-internacional-artes-escenicas-2026-primer-llamado/
2026-01-13 12:35:17 - INFO -  TÌtulo: LÌnea de CirculaciÛn Internacional de Artes EscÈnicas 2026 - Primer llamado
2026-01-13 12:35:17 - INFO -  Fecha de cierre: 09/02/2026 - 15:00
2026-01-13 12:35:17 - INFO - ----------------------------------------
2026-01-13 12:35:17 - INFO -  Convocatoria ABIERTA encontrada:
2026-01-13 12:35:17 - INFO -  Enlace: https://www.fondosdecultura.cl/area/artes-escenicas/linea-de-apoyo-a-teatros-universitarios-2026/
2026-01-13 12:35:17 - INFO -  TÌtulo: LÌnea de Apoyo a Teatros Universitarios 2026
2026-01-13 12:35:17 - INFO -  Fecha de cierre: 09/02/2026 - 15:00
2026-01-13 12:35:17 - INFO - ----------------------------------------
2026-01-13 12:35:18 - INFO - P·gina https://www.fondosdecultura.cl/area/artesania/ sin convocatorias abiertas
2026-01-13 12:35:18 - INFO - P·gina https://www.fondosdecultura.cl/area/audiovisual/ sin convocatorias abiertas
2026-01-13 12:35:19 - INFO -  Convocatoria ABIERTA encontrada:
2026-01-13 12:35:19 - INFO -  Enlace: https://www.fondosdecultura.cl/area/circo/convocatoria-programa-artes-escenicas-itinerantes-regionales-2026/
2026-01-13 12:35:19 - INFO -  TÌtulo: Convocatoria Programa Artes EscÈnicas Itinerantes Regionales 2026
2026-01-13 12:35:19 - INFO -  Fecha de cierre: 27/02/2026 - 15:00
2026-01-13 12:35:19 - INFO - ----------------------------------------
2026-01-13 12:35:19 - INFO -  Convocatoria ABIERTA encontrada:
2026-01-13 12:35:19 - INFO -  Enlace: https://www.fondosdecultura.cl/area/circo/circulacion-internacional-artes-escenicas-2026-primer-llamado/
2026-01-13 12:35:19 - INFO -  TÌtulo: LÌnea de CirculaciÛn Internacional de Artes EscÈnicas 2026 - Primer llamado
2026-01-13 12:35:19 - INFO -  Fecha de cierre: 09/02/2026 - 15:00
2026-01-13 12:35:19 - INFO - ----------------------------------------
2026-01-13 12:35:19 - INFO -  Convocatoria ABIERTA encontrada:
2026-01-13 12:35:19 - INFO -  Enlace: https://www.fondosdecultura.cl/area/circo/linea-de-apoyo-a-teatros-universitarios-2026/
2026-01-13 12:35:19 - INFO -  TÌtulo: LÌnea de Apoyo a Teatros Universitarios 2026
2026-01-13 12:35:19 - INFO -  Fecha de cierre: 09/02/2026 - 15:00
2026-01-13 12:35:19 - INFO - ----------------------------------------
2026-01-13 12:35:20 - INFO - P·gina https://www.fondosdecultura.cl/area/evaluadores/ sin convocatorias
2026-01-13 12:35:21 - INFO -  Convocatoria ABIERTA encontrada:
2026-01-13 12:35:21 - INFO -  Enlace: https://www.fondosdecultura.cl/area/danza/convocatoria-programa-artes-escenicas-itinerantes-regionales-2026/
2026-01-13 12:35:21 - INFO -  TÌtulo: Convocatoria Programa Artes EscÈnicas Itinerantes Regionales 2026
2026-01-13 12:35:21 - INFO -  Fecha de cierre: 27/02/2026 - 15:00
2026-01-13 12:35:21 - INFO - ----------------------------------------
2026-01-13 12:35:21 - INFO -  Convocatoria ABIERTA encontrada:
2026-01-13 12:35:21 - INFO -  Enlace: https://www.fondosdecultura.cl/area/danza/circulacion-internacional-artes-escenicas-2026-primer-llamado/
2026-01-13 12:35:21 - INFO -  TÌtulo: LÌnea de CirculaciÛn Internacional de Artes EscÈnicas 2026 - Primer llamado
2026-01-13 12:35:21 - INFO -  Fecha de cierre: 09/02/2026 - 15:00
2026-01-13 12:35:21 - INFO - ----------------------------------------
2026-01-13 12:35:21 - INFO -  Convocatoria ABIERTA encontrada:
2026-01-13 12:35:21 - INFO -  Enlace: https://www.fondosdecultura.cl/area/danza/linea-de-apoyo-a-teatros-universitarios-2026/
2026-01-13 12:35:21 - INFO -  TÌtulo: LÌnea de Apoyo a Teatros Universitarios 2026
2026-01-13 12:35:21 - INFO -  Fecha de cierre: 09/02/2026 - 15:00
2026-01-13 12:35:21 - INFO - ----------------------------------------
2026-01-13 12:35:22 - INFO - P·gina https://www.fondosdecultura.cl/area/diseno/ sin convocatorias abiertas
2026-01-13 12:35:22 - INFO - P·gina https://www.fondosdecultura.cl/area/economia-creativa/ sin convocatorias abiertas
2026-01-13 12:35:23 - INFO - P·gina https://www.fondosdecultura.cl/area/educacion/ sin convocatorias abiertas
2026-01-13 12:35:24 - INFO - P·gina https://www.fondosdecultura.cl/area/folclor/ sin convocatorias abiertas
2026-01-13 12:35:24 - INFO - P·gina https://www.fondosdecultura.cl/area/formacion-residencias/ sin convocatorias abiertas
2026-01-13 12:35:25 - INFO - P·gina https://www.fondosdecultura.cl/area/fotografia/ sin convocatorias
2026-01-13 12:35:25 - INFO - P·gina https://www.fondosdecultura.cl/area/gestion-cultural/ sin convocatorias abiertas
2026-01-13 12:35:26 - INFO - P·gina https://www.fondosdecultura.cl/area/infraestructura/ sin convocatorias abiertas
2026-01-13 12:35:27 - INFO - P·gina https://www.fondosdecultura.cl/area/interdisciplinas/ sin convocatorias abiertas
2026-01-13 12:35:28 - INFO -  Convocatoria ABIERTA encontrada:
2026-01-13 12:35:28 - INFO -  Enlace: https://www.fondosdecultura.cl/area/libro-lectura/seleccion-obras-de-autores-chilenos-para-adquisicion-distribucion-en-bibliotecas-publicas-2025/
2026-01-13 12:35:28 - INFO -  TÌtulo: SelecciÛn de obras de autores chilenos para su adquisiciÛn y distribuciÛn en bibliotecas p˙blicas 2025
2026-01-13 12:35:28 - INFO -  Fecha de cierre: 16/02/2026 - 15:00
2026-01-13 12:35:28 - INFO - ----------------------------------------
2026-01-13 12:35:28 - INFO - P·gina https://www.fondosdecultura.cl/area/micsur/ sin convocatorias
2026-01-13 12:35:29 - INFO -  Convocatoria ABIERTA encontrada:
2026-01-13 12:35:29 - INFO -  Enlace: https://www.fondosdecultura.cl/area/musica/mercados-foco-2026-bime-pro-bogota/
2026-01-13 12:35:29 - INFO -  TÌtulo: Convocatoria LÌnea de Asistencia Mercados FOCO 2026 - BIME PRO Bogot·
2026-01-13 12:35:29 - INFO -  Fecha de cierre: 02/02/2026 - 15:00
2026-01-13 12:35:29 - INFO - ----------------------------------------
2026-01-13 12:35:29 - INFO -  Convocatoria ABIERTA encontrada:
2026-01-13 12:35:29 - INFO -  Enlace: https://www.fondosdecultura.cl/area/musica/iberorquestas-juveniles-2025-galardon-joven-interprete-y-galardon-a-mejor-agrupacion/
2026-01-13 12:35:29 - INFO -  TÌtulo: Convocatoria Iberorquestas Juveniles 2025: GalardÛn Joven IntÈrprete y GalardÛn a Mejor AgrupaciÛn
2026-01-13 12:35:29 - INFO -  Fecha de cierre: 23/01/2026 - 15:00
2026-01-13 12:35:29 - INFO - ----------------------------------------
2026-01-13 12:35:30 - INFO -  Convocatoria ABIERTA encontrada:
2026-01-13 12:35:30 - INFO -  Enlace: https://www.fondosdecultura.cl/area/narracion-oral/convocatoria-programa-artes-escenicas-itinerantes-regionales-2026/
2026-01-13 12:35:30 - INFO -  TÌtulo: Convocatoria Programa Artes EscÈnicas Itinerantes Regionales 2026
2026-01-13 12:35:30 - INFO -  Fecha de cierre: 27/02/2026 - 15:00
2026-01-13 12:35:30 - INFO - ----------------------------------------
2026-01-13 12:35:30 - INFO -  Convocatoria ABIERTA encontrada:
2026-01-13 12:35:30 - INFO -  Enlace: https://www.fondosdecultura.cl/area/narracion-oral/circulacion-internacional-artes-escenicas-2026-primer-llamado/
2026-01-13 12:35:30 - INFO -  TÌtulo: LÌnea de CirculaciÛn Internacional de Artes EscÈnicas 2026 - Primer llamado
2026-01-13 12:35:30 - INFO -  Fecha de cierre: 09/02/2026 - 15:00
2026-01-13 12:35:30 - INFO - ----------------------------------------
2026-01-13 12:35:30 - INFO -  Convocatoria ABIERTA encontrada:
2026-01-13 12:35:30 - INFO -  Enlace: https://www.fondosdecultura.cl/area/narracion-oral/linea-de-apoyo-a-teatros-universitarios-2026/
2026-01-13 12:35:30 - INFO -  TÌtulo: LÌnea de Apoyo a Teatros Universitarios 2026
2026-01-13 12:35:30 - INFO -  Fecha de cierre: 09/02/2026 - 15:00
2026-01-13 12:35:30 - INFO - ----------------------------------------
2026-01-13 12:35:31 - INFO - P·gina https://www.fondosdecultura.cl/area/nuevos-medios/ sin convocatorias
2026-01-13 12:35:32 - INFO -  Convocatoria ABIERTA encontrada:
2026-01-13 12:35:32 - INFO -  Enlace: https://www.fondosdecultura.cl/area/opera/convocatoria-programa-artes-escenicas-itinerantes-regionales-2026/
2026-01-13 12:35:32 - INFO -  TÌtulo: Convocatoria Programa Artes EscÈnicas Itinerantes Regionales 2026
2026-01-13 12:35:32 - INFO -  Fecha de cierre: 27/02/2026 - 15:00
2026-01-13 12:35:32 - INFO - ----------------------------------------
2026-01-13 12:35:32 - INFO -  Convocatoria ABIERTA encontrada:
2026-01-13 12:35:32 - INFO -  Enlace: https://www.fondosdecultura.cl/area/opera/circulacion-internacional-artes-escenicas-2026-primer-llamado/
2026-01-13 12:35:32 - INFO -  TÌtulo: LÌnea de CirculaciÛn Internacional de Artes EscÈnicas 2026 - Primer llamado
2026-01-13 12:35:32 - INFO -  Fecha de cierre: 09/02/2026 - 15:00
2026-01-13 12:35:32 - INFO - ----------------------------------------
2026-01-13 12:35:32 - INFO -  Convocatoria ABIERTA encontrada:
2026-01-13 12:35:32 - INFO -  Enlace: https://www.fondosdecultura.cl/area/opera/linea-de-apoyo-a-teatros-universitarios-2026/
2026-01-13 12:35:32 - INFO -  TÌtulo: LÌnea de Apoyo a Teatros Universitarios 2026
2026-01-13 12:35:32 - INFO -  Fecha de cierre: 09/02/2026 - 15:00
2026-01-13 12:35:32 - INFO - ----------------------------------------
2026-01-13 12:35:33 - INFO - P·gina https://www.fondosdecultura.cl/area/organizaciones/ sin convocatorias abiertas
2026-01-13 12:35:33 - INFO - P·gina https://www.fondosdecultura.cl/area/patrimonio/ sin convocatorias abiertas
2026-01-13 12:35:34 - INFO - P·gina https://www.fondosdecultura.cl/area/pueblos-originarios/ sin convocatorias abiertas
2026-01-13 12:35:34 - INFO - P·gina https://www.fondosdecultura.cl/area/regiones/ sin convocatorias abiertas
2026-01-13 12:35:35 - INFO -  Convocatoria ABIERTA encontrada:
2026-01-13 12:35:35 - INFO -  Enlace: https://www.fondosdecultura.cl/area/teatro/convocatoria-programa-artes-escenicas-itinerantes-regionales-2026/
2026-01-13 12:35:35 - INFO -  TÌtulo: Convocatoria Programa Artes EscÈnicas Itinerantes Regionales 2026
2026-01-13 12:35:35 - INFO -  Fecha de cierre: 27/02/2026 - 15:00
2026-01-13 12:35:35 - INFO - ----------------------------------------
2026-01-13 12:35:35 - INFO -  Convocatoria ABIERTA encontrada:
2026-01-13 12:35:35 - INFO -  Enlace: https://www.fondosdecultura.cl/area/teatro/linea-de-apoyo-a-teatros-universitarios-2026/
2026-01-13 12:35:35 - INFO -  TÌtulo: LÌnea de Apoyo a Teatros Universitarios 2026
2026-01-13 12:35:35 - INFO -  Fecha de cierre: 09/02/2026 - 15:00
2026-01-13 12:35:35 - INFO - ----------------------------------------
2026-01-13 12:35:35 - INFO -  Convocatoria ABIERTA encontrada:
2026-01-13 12:35:35 - INFO -  Enlace: https://www.fondosdecultura.cl/area/teatro/circulacion-internacional-artes-escenicas-2026-primer-llamado/
2026-01-13 12:35:35 - INFO -  TÌtulo: LÌnea de CirculaciÛn Internacional de Artes EscÈnicas 2026 - Primer llamado
2026-01-13 12:35:35 - INFO -  Fecha de cierre: 09/02/2026 - 15:00
2026-01-13 12:35:35 - INFO - ----------------------------------------
2026-01-13 12:35:35 - INFO -  Convocatoria ABIERTA encontrada:
2026-01-13 12:35:35 - INFO -  Enlace: https://www.fondosdecultura.cl/area/titeres/convocatoria-programa-artes-escenicas-itinerantes-regionales-2026/
2026-01-13 12:35:35 - INFO -  TÌtulo: Convocatoria Programa Artes EscÈnicas Itinerantes Regionales 2026
2026-01-13 12:35:35 - INFO -  Fecha de cierre: 27/02/2026 - 15:00
2026-01-13 12:35:35 - INFO - ----------------------------------------
2026-01-13 12:35:35 - INFO -  Convocatoria ABIERTA encontrada:
2026-01-13 12:35:35 - INFO -  Enlace: https://www.fondosdecultura.cl/area/titeres/circulacion-internacional-artes-escenicas-2026-primer-llamado/
2026-01-13 12:35:35 - INFO -  TÌtulo: LÌnea de CirculaciÛn Internacional de Artes EscÈnicas 2026 - Primer llamado
2026-01-13 12:35:35 - INFO -  Fecha de cierre: 09/02/2026 - 15:00
2026-01-13 12:35:35 - INFO - ----------------------------------------
2026-01-13 12:35:36 - INFO - P·gina https://www.fondosdecultura.cl/area/turismo-cultural/ sin convocatorias abiertas
2026-01-13 12:35:36 - INFO - Datos guardados exitosamente en fondos_cultura.json
2026-01-13 14:57:30 - INFO - P·gina https://www.fondosdecultura.cl/area/arquitectura/ sin convocatorias abiertas
2026-01-13 14:57:31 - INFO - P·gina https://www.fondosdecultura.cl/area/artes-visuales/ sin convocatorias abiertas
2026-01-13 14:57:31 - INFO -  Convocatoria ABIERTA encontrada:
2026-01-13 14:57:31 - INFO -  Enlace: https://www.fondosdecultura.cl/area/artes-escenicas/convocatoria-programa-artes-escenicas-itinerantes-regionales-2026/
2026-01-13 14:57:31 - INFO -  TÌtulo: Convocatoria Programa Artes EscÈnicas Itinerantes Regionales 2026
2026-01-13 14:57:31 - INFO -  Fecha de cierre: 27/02/2026 - 15:00
2026-01-13 14:57:31 - INFO - ----------------------------------------
2026-01-13 14:57:31 - INFO -  Convocatoria ABIERTA encontrada:
2026-01-13 14:57:31 - INFO -  Enlace: https://www.fondosdecultura.cl/area/artes-escenicas/circulacion-internacional-artes-escenicas-2026-primer-llamado/
2026-01-13 14:57:31 - INFO -  TÌtulo: LÌnea de CirculaciÛn Internacional de Artes EscÈnicas 2026 - Primer llamado
2026-01-13 14:57:31 - INFO -  Fecha de cierre: 09/02/2026 - 15:00
2026-01-13 14:57:31 - INFO - ----------------------------------------
2026-01-13 14:57:31 - INFO -  Convocatoria ABIERTA encontrada:
2026-01-13 14:57:31 - INFO -  Enlace: https://www.fondosdecultura.cl/area/artes-escenicas/linea-de-apoyo-a-teatros-universitarios-2026/
2026-01-13 14:57:31 - INFO -  TÌtulo: LÌnea de Apoyo a Teatros Universitarios 2026
2026-01-13 14:57:31 - INFO -  Fecha de cierre: 09/02/2026 - 15:00
2026-01-13 14:57:31 - INFO - ----------------------------------------
2026-01-13 14:57:32 - INFO - P·gina https://www.fondosdecultura.cl/area/artesania/ sin convocatorias abiertas
2026-01-13 14:57:32 - INFO - P·gina https://www.fondosdecultura.cl/area/audiovisual/ sin convocatorias abiertas
2026-01-13 14:57:33 - INFO -  Convocatoria ABIERTA encontrada:
2026-01-13 14:57:33 - INFO -  Enlace: https://www.fondosdecultura.cl/area/circo/convocatoria-programa-artes-escenicas-itinerantes-regionales-2026/
2026-01-13 14:57:33 - INFO -  TÌtulo: Convocatoria Programa Artes EscÈnicas Itinerantes Regionales 2026
2026-01-13 14:57:33 - INFO -  Fecha de cierre: 27/02/2026 - 15:00
2026-01-13 14:57:33 - INFO - ----------------------------------------
2026-01-13 14:57:33 - INFO -  Convocatoria ABIERTA encontrada:
2026-01-13 14:57:33 - INFO -  Enlace: https://www.fondosdecultura.cl/area/circo/circulacion-internacional-artes-escenicas-2026-primer-llamado/
2026-01-13 14:57:33 - INFO -  TÌtulo: LÌnea de CirculaciÛn Internacional de Artes EscÈnicas 2026 - Primer llamado
2026-01-13 14:57:33 - INFO -  Fecha de cierre: 09/02/2026 - 15:00
2026-01-13 14:57:33 - INFO - ----------------------------------------
2026-01-13 14:57:33 - INFO -  Convocatoria ABIERTA encontrada:
2026-01-13 14:57:33 - INFO -  Enlace: https://www.fondosdecultura.cl/area/circo/linea-de-apoyo-a-teatros-universitarios-2026/
2026-01-13 14:57:33 - INFO -  TÌtulo: LÌnea de Apoyo a Teatros Universitarios 2026
2026-01-13 14:57:33 - INFO -  Fecha de cierre: 09/02/2026 - 15:00
2026-01-13 14:57:33 - INFO - ----------------------------------------
2026-01-13 14:57:33 - INFO - P·gina https://www.fondosdecultura.cl/area/evaluadores/ sin convocatorias
2026-01-13 14:57:34 - INFO -  Convocatoria ABIERTA encontrada:
2026-01-13 14:57:34 - INFO -  Enlace: https://www.fondosdecultura.cl/area/danza/convocatoria-programa-artes-escenicas-itinerantes-regionales-2026/
2026-01-13 14:57:34 - INFO -  TÌtulo: Convocatoria Programa Artes EscÈnicas Itinerantes Regionales 2026
2026-01-13 14:57:34 - INFO -  Fecha de cierre: 27/02/2026 - 15:00
2026-01-13 14:57:34 - INFO - ----------------------------------------
2026-01-13 14:57:34 - INFO -  Convocatoria ABIERTA encontrada:
2026-01-13 14:57:34 - INFO -  Enlace: https://www.fondosdecultura.cl/area/danza/circulacion-internacional-artes-escenicas-2026-primer-llamado/
2026-01-13 14:57:34 - INFO -  TÌtulo: LÌnea de CirculaciÛn Internacional de Artes EscÈnicas 2026 - Primer llamado
2026-01-13 14:57:34 - INFO -  Fecha de cierre: 09/02/2026 - 15:00
2026-01-13 14:57:34 - INFO - ----------------------------------------
2026-01-13 14:57:34 - INFO -  Convocatoria ABIERTA encontrada:
2026-01-13 14:57:34 - INFO -  Enlace: https://www.fondosdecultura.cl/area/danza/linea-de-apoyo-a-teatros-universitarios-2026/
2026-01-13 14:57:34 - INFO -  TÌtulo: LÌnea de Apoyo a Teatros Universitarios 2026
2026-01-13 14:57:34 - INFO -  Fecha de cierre: 09/02/2026 - 15:00
2026-01-13 14:57:34 - INFO - ----------------------------------------
2026-01-13 14:57:34 - INFO - P·gina https://www.fondosdecultura.cl/area/diseno/ sin convocatorias abiertas
2026-01-13 14:57:35 - INFO - P·gina https://www.fondosdecultura.cl/area/economia-creativa/ sin convocatorias abiertas
2026-01-13 14:57:35 - INFO - P·gina https://www.fondosdecultura.cl/area/educacion/ sin convocatorias abiertas
2026-01-13 14:57:36 - INFO - P·gina https://www.fondosdecultura.cl/area/folclor/ sin convocatorias abiertas
2026-01-13 14:57:36 - INFO - P·gina https://www.fondosdecultura.cl/area/formacion-residencias/ sin convocatorias abiertas
2026-01-13 14:57:37 - INFO - P·gina https://www.fondosdecultura.cl/area/fotografia/ sin convocatorias
2026-01-13 14:57:37 - INFO - P·gina https://www.fondosdecultura.cl/area/gestion-cultural/ sin convocatorias abiertas
2026-01-13 14:57:37 - INFO - P·gina https://www.fondosdecultura.cl/area/infraestructura/ sin convocatorias abiertas
2026-01-13 14:57:38 - INFO - P·gina https://www.fondosdecultura.cl/area/interdisciplinas/ sin convocatorias abiertas
2026-01-13 14:57:38 - INFO -  Convocatoria ABIERTA encontrada:
2026-01-13 14:57:38 - INFO -  Enlace: https://www.fondosdecultura.cl/area/libro-lectura/seleccion-obras-de-autores-chilenos-para-adquisicion-distribucion-en-bibliotecas-publicas-2025/
2026-01-13 14:57:38 - INFO -  TÌtulo: SelecciÛn de obras de autores chilenos para su adquisiciÛn y distribuciÛn en bibliotecas p˙blicas 2025
2026-01-13 14:57:38 - INFO -  Fecha de cierre: 16/02/2026 - 15:00
2026-01-13 14:57:38 - INFO - ----------------------------------------
2026-01-13 14:57:39 - INFO - P·gina https://www.fondosdecultura.cl/area/micsur/ sin convocatorias
2026-01-13 14:57:39 - INFO -  Convocatoria ABIERTA encontrada:
2026-01-13 14:57:39 - INFO -  Enlace: https://www.fondosdecultura.cl/area/musica/mercados-foco-2026-bime-pro-bogota/
2026-01-13 14:57:39 - INFO -  TÌtulo: Convocatoria LÌnea de Asistencia Mercados FOCO 2026 - BIME PRO Bogot·
2026-01-13 14:57:39 - INFO -  Fecha de cierre: 02/02/2026 - 15:00
2026-01-13 14:57:39 - INFO - ----------------------------------------
2026-01-13 14:57:39 - INFO -  Convocatoria ABIERTA encontrada:
2026-01-13 14:57:39 - INFO -  Enlace: https://www.fondosdecultura.cl/area/musica/iberorquestas-juveniles-2025-galardon-joven-interprete-y-galardon-a-mejor-agrupacion/
2026-01-13 14:57:39 - INFO -  TÌtulo: Convocatoria Iberorquestas Juveniles 2025: GalardÛn Joven IntÈrprete y GalardÛn a Mejor AgrupaciÛn
2026-01-13 14:57:39 - INFO -  Fecha de cierre: 23/01/2026 - 15:00
2026-01-13 14:57:39 - INFO - ----------------------------------------
2026-01-13 14:57:40 - INFO -  Convocatoria ABIERTA encontrada:
2026-01-13 14:57:40 - INFO -  Enlace: https://www.fondosdecultura.cl/area/narracion-oral/convocatoria-programa-artes-escenicas-itinerantes-regionales-2026/
2026-01-13 14:57:40 - INFO -  TÌtulo: Convocatoria Programa Artes EscÈnicas Itinerantes Regionales 2026
2026-01-13 14:57:40 - INFO -  Fecha de cierre: 27/02/2026 - 15:00
2026-01-13 14:57:40 - INFO - ----------------------------------------
2026-01-13 14:57:40 - INFO -  Convocatoria ABIERTA encontrada:
2026-01-13 14:57:40 - INFO -  Enlace: https://www.fondosdecultura.cl/area/narracion-oral/circulacion-internacional-artes-escenicas-2026-primer-llamado/
2026-01-13 14:57:40 - INFO -  TÌtulo: LÌnea de CirculaciÛn Internacional de Artes EscÈnicas 2026 - Primer llamado
2026-01-13 14:57:40 - INFO -  Fecha de cierre: 09/02/2026 - 15:00
2026-01-13 14:57:40 - INFO - ----------------------------------------
2026-01-13 14:57:40 - INFO -  Convocatoria ABIERTA encontrada:
2026-01-13 14:57:40 - INFO -  Enlace: https://www.fondosdecultura.cl/area/narracion-oral/linea-de-apoyo-a-teatros-universitarios-2026/
2026-01-13 14:57:40 - INFO -  TÌtulo: LÌnea de Apoyo a Teatros Universitarios 2026
2026-01-13 14:57:40 - INFO -  Fecha de cierre: 09/02/2026 - 15:00
2026-01-13 14:57:40 - INFO - ----------------------------------------
2026-01-13 14:57:40 - INFO - P·gina https://www.fondosdecultura.cl/area/nuevos-medios/ sin convocatorias
2026-01-13 14:57:41 - INFO -  Convocatoria ABIERTA encontrada:
2026-01-13 14:57:41 - INFO -  Enlace: https://www.fondosdecultura.cl/area/opera/convocatoria-programa-artes-escenicas-itinerantes-regionales-2026/
2026-01-13 14:57:41 - INFO -  TÌtulo: Convocatoria Programa Artes EscÈnicas Itinerantes Regionales 2026
2026-01-13 14:57:41 - INFO -  Fecha de cierre: 27/02/2026 - 15:00
2026-01-13 14:57:41 - INFO - ----------------------------------------
2026-01-13 14:57:41 - INFO -  Convocatoria ABIERTA encontrada:
2026-01-13 14:57:41 - INFO -  Enlace: https://www.fondosdecultura.cl/area/opera/circulacion-internacional-artes-escenicas-2026-primer-llamado/
2026-01-13 14:57:41 - INFO -  TÌtulo: LÌnea de CirculaciÛn Internacional de Artes EscÈnicas 2026 - Primer llamado
2026-01-13 14:57:41 - INFO -  Fecha de cierre: 09/02/2026 - 15:00
2026-01-13 14:57:41 - INFO - ----------------------------------------
2026-01-13 14:57:41 - INFO -  Convocatoria ABIERTA encontrada:
2026-01-13 14:57:41 - INFO -  Enlace: https://www.fondosdecultura.cl/area/opera/linea-de-apoyo-a-teatros-universitarios-2026/
2026-01-13 14:57:41 - INFO -  TÌtulo: LÌnea de Apoyo a Teatros Universitarios 2026
2026-01-13 14:57:41 - INFO -  Fecha de cierre: 09/02/2026 - 15:00
2026-01-13 14:57:41 - INFO - ----------------------------------------
2026-01-13 14:57:41 - INFO - P·gina https://www.fondosdecultura.cl/area/organizaciones/ sin convocatorias abiertas
2026-01-13 14:57:42 - INFO - P·gina https://www.fondosdecultura.cl/area/patrimonio/ sin convocatorias abiertas
2026-01-13 14:57:42 - INFO - P·gina https://www.fondosdecultura.cl/area/pueblos-originarios/ sin convocatorias abiertas
2026-01-13 14:57:43 - INFO - P·gina https://www.fondosdecultura.cl/area/regiones/ sin convocatorias abiertas
2026-01-13 14:57:43 - INFO -  Convocatoria ABIERTA encontrada:
2026-01-13 14:57:43 - INFO -  Enlace: https://www.fondosdecultura.cl/area/teatro/convocatoria-programa-artes-escenicas-itinerantes-regionales-2026/
2026-01-13 14:57:43 - INFO -  TÌtulo: Convocatoria Programa Artes EscÈnicas Itinerantes Regionales 2026
2026-01-13 14:57:43 - INFO -  Fecha de cierre: 27/02/2026 - 15:00
2026-01-13 14:57:43 - INFO - ----------------------------------------
2026-01-13 14:57:43 - INFO -  Convocatoria ABIERTA encontrada:
2026-01-13 14:57:43 - INFO -  Enlace: https://www.fondosdecultura.cl/area/teatro/linea-de-apoyo-a-teatros-universitarios-2026/
2026-01-13 14:57:43 - INFO -  TÌtulo: LÌnea de Apoyo a Teatros Universitarios 2026
2026-01-13 14:57:43 - INFO -  Fecha de cierre: 09/02/2026 - 15:00
2026-01-13 14:57:43 - INFO - ----------------------------------------
2026-01-13 14:57:43 - INFO -  Convocatoria ABIERTA encontrada:
2026-01-13 14:57:43 - INFO -  Enlace: https://www.fondosdecultura.cl/area/teatro/circulacion-internacional-artes-escenicas-2026-primer-llamado/
2026-01-13 14:57:43 - INFO -  TÌtulo: LÌnea de CirculaciÛn Internacional de Artes EscÈnicas 2026 - Primer llamado
2026-01-13 14:57:43 - INFO -  Fecha de cierre: 09/02/2026 - 15:00
2026-01-13 14:57:43 - INFO - ----------------------------------------
2026-01-13 14:57:44 - INFO -  Convocatoria ABIERTA encontrada:
2026-01-13 14:57:44 - INFO -  Enlace: https://www.fondosdecultura.cl/area/titeres/convocatoria-programa-artes-escenicas-itinerantes-regionales-2026/
2026-01-13 14:57:44 - INFO -  TÌtulo: Convocatoria Programa Artes EscÈnicas Itinerantes Regionales 2026
2026-01-13 14:57:44 - INFO -  Fecha de cierre: 27/02/2026 - 15:00
2026-01-13 14:57:44 - INFO - ----------------------------------------
2026-01-13 14:57:44 - INFO -  Convocatoria ABIERTA encontrada:
2026-01-13 14:57:44 - INFO -  Enlace: https://www.fondosdecultura.cl/area/titeres/circulacion-internacional-artes-escenicas-2026-primer-llamado/
2026-01-13 14:57:44 - INFO -  TÌtulo: LÌnea de CirculaciÛn Internacional de Artes EscÈnicas 2026 - Primer llamado
2026-01-13 14:57:44 - INFO -  Fecha de cierre: 09/02/2026 - 15:00
2026-01-13 14:57:44 - INFO - ----------------------------------------
2026-01-13 14:57:44 - INFO - P·gina https://www.fondosdecultura.cl/area/turismo-cultural/ sin convocatorias abiertas
2026-01-13 14:57:44 - INFO - Datos guardados exitosamente en fondos_cultura.json
2026-03-02 08:08:35 - INFO -  Convocatoria ABIERTA encontrada:
2026-03-02 08:08:35 - INFO -  Enlace: https://www.fondosdecultura.cl/area/arquitectura/circulacion-nacional-internacional-fondart-nacional-2026-2-periodo/
2026-03-02 08:08:35 - INFO -  TÌtulo: LÌnea de CirculaciÛn Nacional e Internacional Fondart Nacional 2026 - 2∞ periodo
2026-03-02 08:08:35 - INFO -  Fecha de cierre: 02/03/2026 - 15:00
2026-03-02 08:08:35 - INFO - ----------------------------------------
2026-03-02 08:08:35 - INFO -  Convocatoria ABIERTA encontrada:
2026-03-02 08:08:35 - INFO -  Enlace: https://www.fondosdecultura.cl/area/artes-visuales/circulacion-nacional-internacional-fondart-nacional-2026-2-periodo/
2026-03-02 08:08:35 - INFO -  TÌtulo: LÌnea de CirculaciÛn Nacional e Internacional Fondart Nacional 2026 - 2∞ periodo
2026-03-02 08:08:35 - INFO -  Fecha de cierre: 02/03/2026 - 15:00
2026-03-02 08:08:35 - INFO - ----------------------------------------
2026-03-02 08:08:36 - INFO -  Convocatoria ABIERTA encontrada:
2026-03-02 08:08:36 - INFO -  Enlace: https://www.fondosdecultura.cl/area/artes-escenicas/cuadrienal-de-praga-2027/
2026-03-02 08:08:36 - INFO -  TÌtulo: 16™ Cuadrienal de Praga de DiseÒo y Espacio EscÈnico ñ PQ 2027
2026-03-02 08:08:36 - INFO -  Fecha de cierre: 20/03/2026 - 15:00
2026-03-02 08:08:36 - INFO - ----------------------------------------
2026-03-02 08:08:36 - INFO -  Convocatoria ABIERTA encontrada:
2026-03-02 08:08:36 - INFO -  Enlace: https://www.fondosdecultura.cl/area/artes-escenicas/festivales-ferias-trayectoria-2026-glosa-13/
2026-03-02 08:08:36 - INFO -  TÌtulo: Festivales y Ferias de Trayectoria 2026 - Glosa 13
2026-03-02 08:08:36 - INFO -  Fecha de cierre: 18/03/2026 - 15:00
2026-03-02 08:08:36 - INFO - ----------------------------------------
2026-03-02 08:08:36 - INFO -  Convocatoria ABIERTA encontrada:
2026-03-02 08:08:36 - INFO -  Enlace: https://www.fondosdecultura.cl/area/artesania/circulacion-nacional-internacional-fondart-nacional-2026-2-periodo/
2026-03-02 08:08:36 - INFO -  TÌtulo: LÌnea de CirculaciÛn Nacional e Internacional Fondart Nacional 2026 - 2∞ periodo
2026-03-02 08:08:36 - INFO -  Fecha de cierre: 02/03/2026 - 15:00
2026-03-02 08:08:36 - INFO - ----------------------------------------
2026-03-02 08:08:37 - INFO -  Convocatoria ABIERTA encontrada:
2026-03-02 08:08:37 - INFO -  Enlace: https://www.fondosdecultura.cl/area/audiovisual/asistencia-a-los-premios-quirino-convocatoria-extraordinaria-fondo-audiovisual-2026/
2026-03-02 08:08:37 - INFO -  TÌtulo: Asistencia a los Premios Quirino. Convocatoria extraordinaria - Fondo Audiovisual 2026
2026-03-02 08:08:37 - INFO -  Fecha de cierre: 19/03/2026 - 17:00
2026-03-02 08:08:37 - INFO - ----------------------------------------
2026-03-02 08:08:37 - INFO -  Convocatoria ABIERTA encontrada:
2026-03-02 08:08:37 - INFO -  Enlace: https://www.fondosdecultura.cl/area/audiovisual/participacion-instancias-internacionales-2026-llamado-especial-guadalajara/
2026-03-02 08:08:37 - INFO -  TÌtulo: Programa de Apoyo para la ParticipaciÛn en Instancias Competitivas y Formativas Internacionales 2026 ñ Llamado especial Festival de Cine de Guadalajara
2026-03-02 08:08:37 - INFO -  Fecha de cierre: 12/03/2026 - 17:00
2026-03-02 08:08:37 - INFO - ----------------------------------------
2026-03-02 08:08:37 - INFO -  Convocatoria ABIERTA encontrada:
2026-03-02 08:08:37 - INFO -  Enlace: https://www.fondosdecultura.cl/area/circo/festivales-ferias-trayectoria-2026-glosa-13/
2026-03-02 08:08:37 - INFO -  TÌtulo: Festivales y Ferias de Trayectoria 2026 - Glosa 13
2026-03-02 08:08:37 - INFO -  Fecha de cierre: 18/03/2026 - 15:00
2026-03-02 08:08:37 - INFO - ----------------------------------------
2026-03-02 08:08:38 - INFO - P·gina https://www.fondosdecultura.cl/area/evaluadores/ sin convocatorias
2026-03-02 08:08:38 - INFO -  Convocatoria ABIERTA encontrada:
2026-03-02 08:08:38 - INFO -  Enlace: https://www.fondosdecultura.cl/area/danza/festivales-ferias-trayectoria-2026-glosa-13/
2026-03-02 08:08:38 - INFO -  TÌtulo: Festivales y Ferias de Trayectoria 2026 - Glosa 13
2026-03-02 08:08:38 - INFO -  Fecha de cierre: 18/03/2026 - 15:00
2026-03-02 08:08:38 - INFO - ----------------------------------------
2026-03-02 08:08:39 - INFO -  Convocatoria ABIERTA encontrada:
2026-03-02 08:08:39 - INFO -  Enlace: https://www.fondosdecultura.cl/area/diseno/circulacion-nacional-internacional-fondart-nacional-2026-2-periodo/
2026-03-02 08:08:39 - INFO -  TÌtulo: LÌnea de CirculaciÛn Nacional e Internacional Fondart Nacional 2026 - 2∞ periodo
2026-03-02 08:08:39 - INFO -  Fecha de cierre: 02/03/2026 - 15:00
2026-03-02 08:08:39 - INFO - ----------------------------------------
2026-03-02 08:08:39 - INFO - P·gina https://www.fondosdecultura.cl/area/economia-creativa/ sin convocatorias abiertas
2026-03-02 08:08:40 - INFO - P·gina https://www.fondosdecultura.cl/area/educacion/ sin convocatorias abiertas
2026-03-02 08:08:40 - INFO -  Convocatoria ABIERTA encontrada:
2026-03-02 08:08:40 - INFO -  Enlace: https://www.fondosdecultura.cl/area/folclor/circulacion-nacional-internacional-fondart-nacional-2026-2-periodo/
2026-03-02 08:08:40 - INFO -  TÌtulo: LÌnea de CirculaciÛn Nacional e Internacional Fondart Nacional 2026 - 2∞ periodo
2026-03-02 08:08:40 - INFO -  Fecha de cierre: 02/03/2026 - 15:00
2026-03-02 08:08:40 - INFO - ----------------------------------------
2026-03-02 08:08:40 - INFO - P·gina https://www.fondosdecultura.cl/area/formacion-residencias/ sin convocatorias
2026-03-02 08:08:41 - INFO - P·gina https://www.fondosdecultura.cl/area/fotografia/ sin convocatorias
2026-03-02 08:08:41 - INFO -  Convocatoria ABIERTA encontrada:
2026-03-02 08:08:41 - INFO -  Enlace: https://www.fondosdecultura.cl/area/gestion-cultural/convocatoria-programa-de-financiamiento-de-infraestructura-cultural-para-municipalidades-de-comunas-de-menos-de-cincuenta-mil-habitantes-2026/
2026-03-02 08:08:41 - INFO -  TÌtulo: Convocatoria Programa de Financiamiento de Infraestructura Cultural, para comunas de menos de cincuenta mil habitantes 2026
2026-03-02 08:08:41 - INFO -  Fecha de cierre: 11/03/2026 - 17:00
2026-03-02 08:08:41 - INFO - ----------------------------------------
2026-03-02 08:08:42 - INFO -  Convocatoria ABIERTA encontrada:
2026-03-02 08:08:42 - INFO -  Enlace: https://www.fondosdecultura.cl/area/infraestructura/convocatoria-programa-de-financiamiento-de-infraestructura-cultural-para-municipalidades-de-comunas-de-menos-de-cincuenta-mil-habitantes-2026/
2026-03-02 08:08:42 - INFO -  TÌtulo: Convocatoria Programa de Financiamiento de Infraestructura Cultural, para comunas de menos de cincuenta mil habitantes 2026
2026-03-02 08:08:42 - INFO -  Fecha de cierre: 11/03/2026 - 17:00
2026-03-02 08:08:42 - INFO - ----------------------------------------
2026-03-02 08:08:42 - INFO -  Convocatoria ABIERTA encontrada:
2026-03-02 08:08:42 - INFO -  Enlace: https://www.fondosdecultura.cl/area/interdisciplinas/circulacion-nacional-internacional-fondart-nacional-2026-2-periodo/
2026-03-02 08:08:42 - INFO -  TÌtulo: LÌnea de CirculaciÛn Nacional e Internacional Fondart Nacional 2026 - 2∞ periodo
2026-03-02 08:08:42 - INFO -  Fecha de cierre: 02/03/2026 - 15:00
2026-03-02 08:08:42 - INFO - ----------------------------------------
2026-03-02 08:08:43 - INFO - P·gina https://www.fondosdecultura.cl/area/libro-lectura/ sin convocatorias abiertas
2026-03-02 08:08:43 - INFO - P·gina https://www.fondosdecultura.cl/area/micsur/ sin convocatorias
2026-03-02 08:08:44 - INFO -  Convocatoria ABIERTA encontrada:
2026-03-02 08:08:44 - INFO -  Enlace: https://www.fondosdecultura.cl/area/musica/convocatoria-linea-de-asistencia-mercados-foco-2026-wtf-capital-of-metal-agentes-y-circulart-artistas/
2026-03-02 08:08:44 - INFO -  TÌtulo: Convocatoria LÌnea de Asistencia Mercados FOCO 2026 - WTF Capital of Metal (agentes) y Circulart (artistas)
2026-03-02 08:08:44 - INFO -  Fecha de cierre: 03/03/2026 - 15:00
2026-03-02 08:08:44 - INFO - ----------------------------------------
2026-03-02 08:08:44 - INFO -  Convocatoria ABIERTA encontrada:
2026-03-02 08:08:44 - INFO -  Enlace: https://www.fondosdecultura.cl/area/narracion-oral/festivales-ferias-trayectoria-2026-glosa-13/
2026-03-02 08:08:44 - INFO -  TÌtulo: Festivales y Ferias de Trayectoria 2026 - Glosa 13
2026-03-02 08:08:44 - INFO -  Fecha de cierre: 18/03/2026 - 15:00
2026-03-02 08:08:44 - INFO - ----------------------------------------
2026-03-02 08:08:44 - INFO - P·gina https://www.fondosdecultura.cl/area/nuevos-medios/ sin convocatorias
2026-03-02 08:08:45 - INFO -  Convocatoria ABIERTA encontrada:
2026-03-02 08:08:45 - INFO -  Enlace: https://www.fondosdecultura.cl/area/opera/festivales-ferias-trayectoria-2026-glosa-13/
2026-03-02 08:08:45 - INFO -  TÌtulo: Festivales y Ferias de Trayectoria 2026 - Glosa 13
2026-03-02 08:08:45 - INFO -  Fecha de cierre: 18/03/2026 - 15:00
2026-03-02 08:08:45 - INFO - ----------------------------------------
2026-03-02 08:08:45 - INFO -  Convocatoria ABIERTA encontrada:
2026-03-02 08:08:45 - INFO -  Enlace: https://www.fondosdecultura.cl/area/organizaciones/convocatoria-programa-de-financiamiento-de-infraestructura-cultural-para-municipalidades-de-comunas-de-menos-de-cincuenta-mil-habitantes-2026/
2026-03-02 08:08:45 - INFO -  TÌtulo: Convocatoria Programa de Financiamiento de Infraestructura Cultural, para comunas de menos de cincuenta mil habitantes 2026
2026-03-02 08:08:45 - INFO -  Fecha de cierre: 11/03/2026 - 17:00
2026-03-02 08:08:45 - INFO - ----------------------------------------
2026-03-02 08:08:45 - INFO -  Convocatoria ABIERTA encontrada:
2026-03-02 08:08:45 - INFO -  Enlace: https://www.fondosdecultura.cl/area/organizaciones/plan-de-fortalecimiento-2026-puntos-de-cultura-comunitaria/
2026-03-02 08:08:45 - INFO -  TÌtulo: Convocatoria LÌnea Plan de Fortalecimiento 2026 - Puntos de Cultura Comunitaria
2026-03-02 08:08:45 - INFO -  Fecha de cierre: 03/03/2026 - 15:00
2026-03-02 08:08:45 - INFO - ----------------------------------------
2026-03-02 08:08:46 - INFO - P·gina https://www.fondosdecultura.cl/area/patrimonio/ sin convocatorias abiertas
2026-03-02 08:08:46 - INFO - P·gina https://www.fondosdecultura.cl/area/pueblos-originarios/ sin convocatorias abiertas
2026-03-02 08:08:47 - INFO - P·gina https://www.fondosdecultura.cl/area/regiones/ sin convocatorias
2026-03-02 08:08:47 - INFO -  Convocatoria ABIERTA encontrada:
2026-03-02 08:08:47 - INFO -  Enlace: https://www.fondosdecultura.cl/area/teatro/festivales-ferias-trayectoria-2026-glosa-13/
2026-03-02 08:08:47 - INFO -  TÌtulo: Festivales y Ferias de Trayectoria 2026 - Glosa 13
2026-03-02 08:08:47 - INFO -  Fecha de cierre: 18/03/2026 - 15:00
2026-03-02 08:08:47 - INFO - ----------------------------------------
2026-03-02 08:08:48 - INFO -  Convocatoria ABIERTA encontrada:
2026-03-02 08:08:48 - INFO -  Enlace: https://www.fondosdecultura.cl/area/titeres/festivales-ferias-trayectoria-2026-glosa-13/
2026-03-02 08:08:48 - INFO -  TÌtulo: Festivales y Ferias de Trayectoria 2026 - Glosa 13
2026-03-02 08:08:48 - INFO -  Fecha de cierre: 18/03/2026 - 15:00
2026-03-02 08:08:48 - INFO - ----------------------------------------
2026-03-02 08:08:48 - INFO - P·gina https://www.fondosdecultura.cl/area/turismo-cultural/ sin convocatorias abiertas
2026-03-02 08:08:48 - INFO - Datos guardados exitosamente en fondos_cultura.json
