14:45 - INFO - ----------------------------------------
Solicitando datos desde: https://fondos.gob.cl/
Conexión exitosa a la página.
Se han obtenido 9 fondos.
Proceso finalizado.
Datos guardados exitosamente en fondos_gob.json.
----------------------------------------
09:23 - INFO - ----------------------------------------
Solicitando datos desde: https://fondos.gob.cl/
Conexión exitosa a la página.
Se han obtenido 10 fondos.
Proceso finalizado.
Datos guardados exitosamente en fondos_gob.json.
----------------------------------------
12:20 - INFO - ----------------------------------------
Solicitando datos desde: https://fondos.gob.cl/
Conexión exitosa a la página.
Se han obtenido 6 fondos.
Proceso finalizado.
Datos guardados exitosamente en fondos_gob.json.
----------------------------------------
13:54 - INFO - ----------------------------------------
Solicitando datos desde: https://fondos.gob.cl/
Conexión exitosa a la página.
Se han obtenido 6 fondos.
Proceso finalizado.
Datos guardados exitosamente en fondos_gob.json.
----------------------------------------
13:32 - INFO - ----------------------------------------
Solicitando datos desde: https://fondos.gob.cl/
Conexión exitosa a la página.
Se han obtenido 4 fondos.
Proceso finalizado.
Datos guardados exitosamente en fondos_gob.json.
----------------------------------------
14:42 - INFO - ----------------------------------------
Solicitando datos desde: https://fondos.gob.cl/
Conexión exitosa a la página.
Se han obtenido 4 fondos.
Proceso finalizado.
Datos guardados exitosamente en fondos_gob.json.
----------------------------------------
09:41 - INFO - ----------------------------------------
Solicitando datos desde: https://fondos.gob.cl/
Conexión exitosa a la página.
Se han obtenido 4 fondos.
Proceso finalizado.
Datos guardados exitosamente en fondos_gob.json.
----------------------------------------
11:47 - INFO - ----------------------------------------
Solicitando datos desde: https://fondos.gob.cl/
Conexión exitosa a la página.
Se han obtenido 4 fondos.
Proceso finalizado.
Datos guardados exitosamente en fondos_gob.json.
----------------------------------------
11:12 - INFO - ----------------------------------------
Solicitando datos desde: https://fondos.gob.cl/
Conexión exitosa a la página.
Se han obtenido 6 fondos.
Proceso finalizado.
Datos guardados exitosamente en fondos_gob.json.
----------------------------------------
12:38 - INFO - ----------------------------------------
Solicitando datos desde: https://fondos.gob.cl/
Conexión exitosa a la página.
Se han obtenido 7 fondos.
Proceso finalizado.
Datos guardados exitosamente en fondos_gob.json.
----------------------------------------
14:57 - INFO - ----------------------------------------
Solicitando datos desde: https://fondos.gob.cl/
Conexión exitosa a la página.
Se han obtenido 7 fondos.
Proceso finalizado.
Datos guardados exitosamente en fondos_gob.json.
----------------------------------------
08:09 - INFO - ----------------------------------------
Solicitando datos desde: https://fondos.gob.cl/
Conexión exitosa a la página.
Se han obtenido 23 fondos.
Proceso finalizado.
Datos guardados exitosamente en fondos_gob.json.
----------------------------------------
